Build started 12/18/2025 10:40:03 AM.
Logging verbosity is set to: Normal.     1>Project "E:\Gobi\Pro\FleetX\Noltrion.Fleet.Platform\backend\Noltrion.FleetX.sln" on node 1 (Restore target(s)).
     1>ValidateSolutionConfiguration:
         Building solution configuration "Debug|Any CPU".
       _GetAllRestoreProjectPathItems:
         Determining projects to restore...
     1>Project "E:\Gobi\Pro\FleetX\Noltrion.Fleet.Platform\backend\Noltrion.FleetX.sln" (1) is building "E:\Gobi\Pro\FleetX\Noltrion.Fleet.Platform\backend\Noltrion.Framework.Domain\Noltrion.Framework.Domain.csproj" (10:7) on node 1 (_GenerateProjectRestoreGraph target(s)).
    10>AddPrunePackageReferences:
         Loading prune package data from PrunePackageData folder
         Failed to load prune package data from PrunePackageData folder, loading from targeting packs instead
         Looking for targeting packs in C:\Program Files\dotnet\packs\Microsoft.NETCore.App.Ref
         Pack directories found: C:\Program Files\dotnet\packs\Microsoft.NETCore.App.Ref\10.0.1
         Found package overrides file C:\Program Files\dotnet\packs\Microsoft.NETCore.App.Ref\10.0.1\data\PackageOverrides.txt
    10>Done Building Project "E:\Gobi\Pro\FleetX\Noltrion.Fleet.Platform\backend\Noltrion.Framework.Domain\Noltrion.Framework.Domain.csproj" (_GenerateProjectRestoreGraph target(s)).
     1>Project "E:\Gobi\Pro\FleetX\Noltrion.Fleet.Platform\backend\Noltrion.FleetX.sln" (1) is building "E:\Gobi\Pro\FleetX\Noltrion.Fleet.Platform\backend\Noltrion.Framework.Shared\Noltrion.Framework.Shared.csproj" (5:13) on node 2 (_GenerateProjectRestoreGraph target(s)).
     5>AddPrunePackageReferences:
         Loading prune package data from PrunePackageData folder
     1>Project "E:\Gobi\Pro\FleetX\Noltrion.Fleet.Platform\backend\Noltrion.FleetX.sln" (1) is building "E:\Gobi\Pro\FleetX\Noltrion.Fleet.Platform\backend\Noltrion.Framework.Infrastructure\Noltrion.Framework.Infrastructure.csproj" (2:8) on node 3 (_GenerateProjectRestoreGraph target(s)).
     2>AddPrunePackageReferences:
         Loading prune package data from PrunePackageData folder
     1>Project "E:\Gobi\Pro\FleetX\Noltrion.Fleet.Platform\backend\Noltrion.FleetX.sln" (1) is building "E:\Gobi\Pro\FleetX\Noltrion.Fleet.Platform\backend\Noltrion.Framework.API\Noltrion.Framework.API.csproj" (4:6) on node 4 (_GenerateProjectRestoreGraph target(s)).
     4>AddPrunePackageReferences:
         Loading prune package data from PrunePackageData folder
     2>AddPrunePackageReferences:
         Failed to load prune package data from PrunePackageData folder, loading from targeting packs instead
     5>AddPrunePackageReferences:
         Failed to load prune package data from PrunePackageData folder, loading from targeting packs instead
     4>AddPrunePackageReferences:
         Failed to load prune package data from PrunePackageData folder, loading from targeting packs instead
     2>AddPrunePackageReferences:
         Looking for targeting packs in C:\Program Files\dotnet\packs\Microsoft.NETCore.App.Ref
     5>AddPrunePackageReferences:
         Looking for targeting packs in C:\Program Files\dotnet\packs\Microsoft.NETCore.App.Ref
     4>AddPrunePackageReferences:
         Looking for targeting packs in C:\Program Files\dotnet\packs\Microsoft.NETCore.App.Ref
     2>AddPrunePackageReferences:
         Pack directories found: C:\Program Files\dotnet\packs\Microsoft.NETCore.App.Ref\10.0.1
     5>AddPrunePackageReferences:
         Pack directories found: C:\Program Files\dotnet\packs\Microsoft.NETCore.App.Ref\10.0.1
     4>AddPrunePackageReferences:
         Pack directories found: C:\Program Files\dotnet\packs\Microsoft.NETCore.App.Ref\10.0.1
     2>AddPrunePackageReferences:
         Found package overrides file C:\Program Files\dotnet\packs\Microsoft.NETCore.App.Ref\10.0.1\data\PackageOverrides.txt
     4>AddPrunePackageReferences:
         Found package overrides file C:\Program Files\dotnet\packs\Microsoft.NETCore.App.Ref\10.0.1\data\PackageOverrides.txt
     5>AddPrunePackageReferences:
         Found package overrides file C:\Program Files\dotnet\packs\Microsoft.NETCore.App.Ref\10.0.1\data\PackageOverrides.txt
     4>AddPrunePackageReferences:
         Loading prune package data from PrunePackageData folder
         Failed to load prune package data from PrunePackageData folder, loading from targeting packs instead
         Looking for targeting packs in C:\Program Files\dotnet\packs\Microsoft.AspNetCore.App.Ref
         Pack directories found: C:\Program Files\dotnet\packs\Microsoft.AspNetCore.App.Ref\10.0.1
         Found package overrides file C:\Program Files\dotnet\packs\Microsoft.AspNetCore.App.Ref\10.0.1\data\PackageOverrides.txt
     2>Done Building Project "E:\Gobi\Pro\FleetX\Noltrion.Fleet.Platform\backend\Noltrion.Framework.Infrastructure\Noltrion.Framework.Infrastructure.csproj" (_GenerateProjectRestoreGraph target(s)).
     5>Done Building Project "E:\Gobi\Pro\FleetX\Noltrion.Fleet.Platform\backend\Noltrion.Framework.Shared\Noltrion.Framework.Shared.csproj" (_GenerateProjectRestoreGraph target(s)).
     4>Done Building Project "E:\Gobi\Pro\FleetX\Noltrion.Fleet.Platform\backend\Noltrion.Framework.API\Noltrion.Framework.API.csproj" (_GenerateProjectRestoreGraph target(s)).
     1>Project "E:\Gobi\Pro\FleetX\Noltrion.Fleet.Platform\backend\Noltrion.FleetX.sln" (1) is building "E:\Gobi\Pro\FleetX\Noltrion.Fleet.Platform\backend\Noltrion.FleetX.API\Noltrion.FleetX.API.csproj" (7:5) on node 3 (_GenerateProjectRestoreGraph target(s)).
     7>AddPrunePackageReferences:
         Loading prune package data from PrunePackageData folder
         Failed to load prune package data from PrunePackageData folder, loading from targeting packs instead
         Looking for targeting packs in C:\Program Files\dotnet\packs\Microsoft.NETCore.App.Ref
         Pack directories found: C:\Program Files\dotnet\packs\Microsoft.NETCore.App.Ref\10.0.1
         Found package overrides file C:\Program Files\dotnet\packs\Microsoft.NETCore.App.Ref\10.0.1\data\PackageOverrides.txt
         Loading prune package data from PrunePackageData folder
         Failed to load prune package data from PrunePackageData folder, loading from targeting packs instead
         Looking for targeting packs in C:\Program Files\dotnet\packs\Microsoft.AspNetCore.App.Ref
         Pack directories found: C:\Program Files\dotnet\packs\Microsoft.AspNetCore.App.Ref\10.0.1
     1>Project "E:\Gobi\Pro\FleetX\Noltrion.Fleet.Platform\backend\Noltrion.FleetX.sln" (1) is building "E:\Gobi\Pro\FleetX\Noltrion.Fleet.Platform\backend\Noltrion.FleetX.Infrastructure\Noltrion.FleetX.Infrastructure.csproj" (9:6) on node 4 (_GenerateProjectRestoreGraph target(s)).
     9>AddPrunePackageReferences:
         Loading prune package data from PrunePackageData folder
     7>AddPrunePackageReferences:
         Found package overrides file C:\Program Files\dotnet\packs\Microsoft.AspNetCore.App.Ref\10.0.1\data\PackageOverrides.txt
     9>AddPrunePackageReferences:
         Failed to load prune package data from PrunePackageData folder, loading from targeting packs instead
         Looking for targeting packs in C:\Program Files\dotnet\packs\Microsoft.NETCore.App.Ref
         Pack directories found: C:\Program Files\dotnet\packs\Microsoft.NETCore.App.Ref\10.0.1
         Found package overrides file C:\Program Files\dotnet\packs\Microsoft.NETCore.App.Ref\10.0.1\data\PackageOverrides.txt
     7>Done Building Project "E:\Gobi\Pro\FleetX\Noltrion.Fleet.Platform\backend\Noltrion.FleetX.API\Noltrion.FleetX.API.csproj" (_GenerateProjectRestoreGraph target(s)).
     9>Done Building Project "E:\Gobi\Pro\FleetX\Noltrion.Fleet.Platform\backend\Noltrion.FleetX.Infrastructure\Noltrion.FleetX.Infrastructure.csproj" (_GenerateProjectRestoreGraph target(s)).
     1>Restore:
         X.509 certificate chain validation will use the default trust store selected by .NET for code signing.
         X.509 certificate chain validation will use the default trust store selected by .NET for timestamping.
         Assets file has not changed. Skipping assets file writing. Path: E:\Gobi\Pro\FleetX\Noltrion.Fleet.Platform\backend\Noltrion.FleetX.Application\obj\project.assets.json
         Restored E:\Gobi\Pro\FleetX\Noltrion.Fleet.Platform\backend\Noltrion.FleetX.Application\Noltrion.FleetX.Application.csproj (in 108 ms).
         Assets file has not changed. Skipping assets file writing. Path: E:\Gobi\Pro\FleetX\Noltrion.Fleet.Platform\backend\Noltrion.FleetX.API\obj\project.assets.json
         Restored E:\Gobi\Pro\FleetX\Noltrion.Fleet.Platform\backend\Noltrion.FleetX.API\Noltrion.FleetX.API.csproj (in 114 ms).
         Assets file has not changed. Skipping assets file writing. Path: E:\Gobi\Pro\FleetX\Noltrion.Fleet.Platform\backend\Noltrion.Framework.Application\obj\project.assets.json
         Restored E:\Gobi\Pro\FleetX\Noltrion.Fleet.Platform\backend\Noltrion.Framework.Application\Noltrion.Framework.Application.csproj (in 109 ms).
         Assets file has not changed. Skipping assets file writing. Path: E:\Gobi\Pro\FleetX\Noltrion.Fleet.Platform\backend\Noltrion.FleetX.Infrastructure\obj\project.assets.json
         Restored E:\Gobi\Pro\FleetX\Noltrion.Fleet.Platform\backend\Noltrion.FleetX.Infrastructure\Noltrion.FleetX.Infrastructure.csproj (in 4 ms).
         Assets file has not changed. Skipping assets file writing. Path: E:\Gobi\Pro\FleetX\Noltrion.Fleet.Platform\backend\Noltrion.Framework.API\obj\project.assets.json
         Restored E:\Gobi\Pro\FleetX\Noltrion.Fleet.Platform\backend\Noltrion.Framework.API\Noltrion.Framework.API.csproj (in 85 ms).
         Assets file has not changed. Skipping assets file writing. Path: E:\Gobi\Pro\FleetX\Noltrion.Fleet.Platform\backend\Noltrion.FleetX.Domain\obj\project.assets.json
         Restored E:\Gobi\Pro\FleetX\Noltrion.Fleet.Platform\backend\Noltrion.FleetX.Domain\Noltrion.FleetX.Domain.csproj (in 1 ms).
         Assets file has not changed. Skipping assets file writing. Path: E:\Gobi\Pro\FleetX\Noltrion.Fleet.Platform\backend\Noltrion.Framework.Shared\obj\project.assets.json
         Restored E:\Gobi\Pro\FleetX\Noltrion.Fleet.Platform\backend\Noltrion.Framework.Shared\Noltrion.Framework.Shared.csproj (in 0.8 ms).
         Assets file has not changed. Skipping assets file writing. Path: E:\Gobi\Pro\FleetX\Noltrion.Fleet.Platform\backend\Noltrion.Framework.Infrastructure\obj\project.assets.json
         Restored E:\Gobi\Pro\FleetX\Noltrion.Fleet.Platform\backend\Noltrion.Framework.Infrastructure\Noltrion.Framework.Infrastructure.csproj (in 3 ms).
         Assets file has not changed. Skipping assets file writing. Path: E:\Gobi\Pro\FleetX\Noltrion.Fleet.Platform\backend\Noltrion.Framework.Domain\obj\project.assets.json
         Restored E:\Gobi\Pro\FleetX\Noltrion.Fleet.Platform\backend\Noltrion.Framework.Domain\Noltrion.Framework.Domain.csproj (in 1 ms).
         
         NuGet Config files used:
             E:\Gobi\Pro\FleetX\Noltrion.Fleet.Platform\backend\NuGet.Config
             C:\Users\rgobinath\AppData\Roaming\NuGet\NuGet.Config
             C:\Program Files (x86)\NuGet\Config\Microsoft.VisualStudio.FallbackLocation.config
             C:\Program Files (x86)\NuGet\Config\Microsoft.VisualStudio.Offline.config
         
         Feeds used:
             https://api.nuget.org/v3/index.json
             C:\Program Files\dotnet\library-packs
         All projects are up-to-date for restore.
     1>Done Building Project "E:\Gobi\Pro\FleetX\Noltrion.Fleet.Platform\backend\Noltrion.FleetX.sln" (Restore target(s)).
   1:2>Project "E:\Gobi\Pro\FleetX\Noltrion.Fleet.Platform\backend\Noltrion.FleetX.sln" on node 1 (default targets).
     1>ValidateSolutionConfiguration:
         Building solution configuration "Debug|Any CPU".
   1:2>Project "E:\Gobi\Pro\FleetX\Noltrion.Fleet.Platform\backend\Noltrion.FleetX.sln" (1:2) is building "E:\Gobi\Pro\FleetX\Noltrion.Fleet.Platform\backend\Noltrion.Framework.Shared\Noltrion.Framework.Shared.csproj" (5:17) on node 2 (default targets).
     5>GenerateTargetFrameworkMonikerAttribute:
       Skipping target "GenerateTargetFrameworkMonikerAttribute" because all output files are up-to-date with respect to the input files.
       CoreGenerateAssemblyInfo:
       Skipping target "CoreGenerateAssemblyInfo" because all output files are up-to-date with respect to the input files.
       _GenerateSourceLinkFile:
         Source Link is empty, file 'obj\Debug\net10.0\Noltrion.Framework.Shared.sourcelink.json' does not exist.
       CoreCompile:
       Skipping target "CoreCompile" because all output files are up-to-date with respect to the input files.
       GenerateBuildDependencyFile:
       Skipping target "GenerateBuildDependencyFile" because all output files are up-to-date with respect to the input files.
       CopyFilesToOutputDirectory:
         Noltrion.Framework.Shared -> E:\Gobi\Pro\FleetX\Noltrion.Fleet.Platform\backend\Noltrion.Framework.Shared\bin\Debug\net10.0\Noltrion.Framework.Shared.dll
     5>Done Building Project "E:\Gobi\Pro\FleetX\Noltrion.Fleet.Platform\backend\Noltrion.Framework.Shared\Noltrion.Framework.Shared.csproj" (default targets).
   1:2>Project "E:\Gobi\Pro\FleetX\Noltrion.Fleet.Platform\backend\Noltrion.FleetX.sln" (1:2) is building "E:\Gobi\Pro\FleetX\Noltrion.Fleet.Platform\backend\Noltrion.Framework.Domain\Noltrion.Framework.Domain.csproj" (10:8) on node 1 (default targets).
    10>GenerateTargetFrameworkMonikerAttribute:
       Skipping target "GenerateTargetFrameworkMonikerAttribute" because all output files are up-to-date with respect to the input files.
       CoreGenerateAssemblyInfo:
       Skipping target "CoreGenerateAssemblyInfo" because all output files are up-to-date with respect to the input files.
       _GenerateSourceLinkFile:
         Source Link is empty, file 'obj\Debug\net10.0\Noltrion.Framework.Domain.sourcelink.json' does not exist.
       CoreCompile:
       Skipping target "CoreCompile" because all output files are up-to-date with respect to the input files.
       GenerateBuildDependencyFile:
       Skipping target "GenerateBuildDependencyFile" because all output files are up-to-date with respect to the input files.
       CopyFilesToOutputDirectory:
         Noltrion.Framework.Domain -> E:\Gobi\Pro\FleetX\Noltrion.Fleet.Platform\backend\Noltrion.Framework.Domain\bin\Debug\net10.0\Noltrion.Framework.Domain.dll
    10>Done Building Project "E:\Gobi\Pro\FleetX\Noltrion.Fleet.Platform\backend\Noltrion.Framework.Domain\Noltrion.Framework.Domain.csproj" (default targets).
   1:2>Project "E:\Gobi\Pro\FleetX\Noltrion.Fleet.Platform\backend\Noltrion.FleetX.sln" (1:2) is building "E:\Gobi\Pro\FleetX\Noltrion.Fleet.Platform\backend\Noltrion.FleetX.Domain\Noltrion.FleetX.Domain.csproj" (8:7) on node 1 (default targets).
     8>GenerateTargetFrameworkMonikerAttribute:
       Skipping target "GenerateTargetFrameworkMonikerAttribute" because all output files are up-to-date with respect to the input files.
       CoreGenerateAssemblyInfo:
       Skipping target "CoreGenerateAssemblyInfo" because all output files are up-to-date with respect to the input files.
       _GenerateSourceLinkFile:
         Source Link is empty, file 'obj\Debug\net10.0\Noltrion.FleetX.Domain.sourcelink.json' does not exist.
       CoreCompile:
       Skipping target "CoreCompile" because all output files are up-to-date with respect to the input files.
       GenerateBuildDependencyFile:
       Skipping target "GenerateBuildDependencyFile" because all output files are up-to-date with respect to the input files.
       CopyFilesToOutputDirectory:
         Noltrion.FleetX.Domain -> E:\Gobi\Pro\FleetX\Noltrion.Fleet.Platform\backend\Noltrion.FleetX.Domain\bin\Debug\net10.0\Noltrion.FleetX.Domain.dll
     8>Done Building Project "E:\Gobi\Pro\FleetX\Noltrion.Fleet.Platform\backend\Noltrion.FleetX.Domain\Noltrion.FleetX.Domain.csproj" (default targets).
   1:2>Project "E:\Gobi\Pro\FleetX\Noltrion.Fleet.Platform\backend\Noltrion.FleetX.sln" (1:2) is building "E:\Gobi\Pro\FleetX\Noltrion.Fleet.Platform\backend\Noltrion.Framework.Application\Noltrion.Framework.Application.csproj" (3:10) on node 3 (default targets).
     3>GenerateTargetFrameworkMonikerAttribute:
       Skipping target "GenerateTargetFrameworkMonikerAttribute" because all output files are up-to-date with respect to the input files.
       CoreGenerateAssemblyInfo:
       Skipping target "CoreGenerateAssemblyInfo" because all output files are up-to-date with respect to the input files.
       _GenerateSourceLinkFile:
         Source Link is empty, file 'obj\Debug\net10.0\Noltrion.Framework.Application.sourcelink.json' does not exist.
       CoreCompile:
       Skipping target "CoreCompile" because all output files are up-to-date with respect to the input files.
       GenerateBuildDependencyFile:
       Skipping target "GenerateBuildDependencyFile" because all output files are up-to-date with respect to the input files.
       CopyFilesToOutputDirectory:
         Noltrion.Framework.Application -> E:\Gobi\Pro\FleetX\Noltrion.Fleet.Platform\backend\Noltrion.Framework.Application\bin\Debug\net10.0\Noltrion.Framework.Application.dll
     3>Done Building Project "E:\Gobi\Pro\FleetX\Noltrion.Fleet.Platform\backend\Noltrion.Framework.Application\Noltrion.Framework.Application.csproj" (default targets).
   1:2>Project "E:\Gobi\Pro\FleetX\Noltrion.Fleet.Platform\backend\Noltrion.FleetX.sln" (1:2) is building "E:\Gobi\Pro\FleetX\Noltrion.Fleet.Platform\backend\Noltrion.Framework.Infrastructure\Noltrion.Framework.Infrastructure.csproj" (2:9) on node 2 (default targets).
     2>GenerateTargetFrameworkMonikerAttribute:
       Skipping target "GenerateTargetFrameworkMonikerAttribute" because all output files are up-to-date with respect to the input files.
       CoreGenerateAssemblyInfo:
       Skipping target "CoreGenerateAssemblyInfo" because all output files are up-to-date with respect to the input files.
       _GenerateSourceLinkFile:
         Source Link is empty, file 'obj\Debug\net10.0\Noltrion.Framework.Infrastructure.sourcelink.json' does not exist.
       CoreCompile:
       Skipping target "CoreCompile" because all output files are up-to-date with respect to the input files.
   1:2>Project "E:\Gobi\Pro\FleetX\Noltrion.Fleet.Platform\backend\Noltrion.FleetX.sln" (1:2) is building "E:\Gobi\Pro\FleetX\Noltrion.Fleet.Platform\backend\Noltrion.FleetX.Application\Noltrion.FleetX.Application.csproj" (6:7) on node 3 (default targets).
     6>GenerateTargetFrameworkMonikerAttribute:
       Skipping target "GenerateTargetFrameworkMonikerAttribute" because all output files are up-to-date with respect to the input files.
       CoreGenerateAssemblyInfo:
       Skipping target "CoreGenerateAssemblyInfo" because all output files are up-to-date with respect to the input files.
       _GenerateSourceLinkFile:
         Source Link is empty, file 'obj\Debug\net10.0\Noltrion.FleetX.Application.sourcelink.json' does not exist.
       CoreCompile:
       Skipping target "CoreCompile" because all output files are up-to-date with respect to the input files.
       GenerateBuildDependencyFile:
       Skipping target "GenerateBuildDependencyFile" because all output files are up-to-date with respect to the input files.
       CopyFilesToOutputDirectory:
         Noltrion.FleetX.Application -> E:\Gobi\Pro\FleetX\Noltrion.Fleet.Platform\backend\Noltrion.FleetX.Application\bin\Debug\net10.0\Noltrion.FleetX.Application.dll
     6>Done Building Project "E:\Gobi\Pro\FleetX\Noltrion.Fleet.Platform\backend\Noltrion.FleetX.Application\Noltrion.FleetX.Application.csproj" (default targets).
     2>GenerateBuildDependencyFile:
       Skipping target "GenerateBuildDependencyFile" because all output files are up-to-date with respect to the input files.
       CopyFilesToOutputDirectory:
         Noltrion.Framework.Infrastructure -> E:\Gobi\Pro\FleetX\Noltrion.Fleet.Platform\backend\Noltrion.Framework.Infrastructure\bin\Debug\net10.0\Noltrion.Framework.Infrastructure.dll
     2>Done Building Project "E:\Gobi\Pro\FleetX\Noltrion.Fleet.Platform\backend\Noltrion.Framework.Infrastructure\Noltrion.Framework.Infrastructure.csproj" (default targets).
   1:2>Project "E:\Gobi\Pro\FleetX\Noltrion.Fleet.Platform\backend\Noltrion.FleetX.sln" (1:2) is building "E:\Gobi\Pro\FleetX\Noltrion.Fleet.Platform\backend\Noltrion.FleetX.Infrastructure\Noltrion.FleetX.Infrastructure.csproj" (9:7) on node 1 (default targets).
     9>GenerateTargetFrameworkMonikerAttribute:
       Skipping target "GenerateTargetFrameworkMonikerAttribute" because all output files are up-to-date with respect to the input files.
       CoreGenerateAssemblyInfo:
       Skipping target "CoreGenerateAssemblyInfo" because all output files are up-to-date with respect to the input files.
       _GenerateSourceLinkFile:
         Source Link is empty, file 'obj\Debug\net10.0\Noltrion.FleetX.Infrastructure.sourcelink.json' does not exist.
       CoreCompile:
         Setting DOTNET_ROOT to 'C:\Program Files\dotnet'
         C:\Program Files\dotnet\sdk\10.0.101\Roslyn\bincore\csc.exe /noconfig /unsafe- /checked- /nowarn:1701,1702,1701,1702 /fullpaths /nostdlib+ /errorreport:prompt /warn:10 /define:TRACE;DEBUG;NET;NET10_0;NETCOREAPP;NET5_0_OR_GREATER;NET6_0_OR_GREATER;NET7_0_OR_GREATER;NET8_0_OR_GREATER;NET9_0_OR_GREATER;NET10_0_OR_GREATER;NETCOREAPP1_0_OR_GREATER;NETCOREAPP1_1_OR_GREATER;NETCOREAPP2_0_OR_GREATER;NETCOREAPP2_1_OR_GREATER;NETCOREAPP2_2_OR_GREATER;NETCOREAPP3_0_OR_GREATER;NETCOREAPP3_1_OR_GREATER /highentropyva+ /nullable:enable /reference:C:\Users\rgobinath\.nuget\packages\azure.core\1.47.1\lib\net8.0\Azure.Core.dll /reference:C:\Users\rgobinath\.nuget\packages\azure.identity\1.14.2\lib\net8.0\Azure.Identity.dll /reference:C:\Users\rgobinath\.nuget\packages\bouncycastle.cryptography\2.6.1\lib\net6.0\BouncyCastle.Cryptography.dll /reference:C:\Users\rgobinath\.nuget\packages\mailkit\4.14.1\lib\net8.0\MailKit.dll /reference:C:\Users\rgobinath\.nuget\packages\microsoft.bcl.asyncinterfaces\8.0.0\lib\netstandard2.1\Microsoft.Bcl.AsyncInterfaces.dll /reference:C:\Users\rgobinath\.nuget\packages\microsoft.bcl.cryptography\9.0.4\lib\net9.0\Microsoft.Bcl.Cryptography.dll /reference:"C:\Program Files\dotnet\packs\Microsoft.NETCore.App.Ref\10.0.1\ref\net10.0\Microsoft.CSharp.dll" /reference:C:\Users\rgobinath\.nuget\packages\microsoft.data.sqlclient\6.1.1\ref\net9.0\Microsoft.Data.SqlClient.dll /reference:C:\Users\rgobinath\.nuget\packages\microsoft.entityframeworkcore.abstractions\10.0.1\lib\net10.0\Microsoft.EntityFrameworkCore.Abstractions.dll /reference:C:\Users\rgobinath\.nuget\packages\microsoft.entityframeworkcore\10.0.1\lib\net10.0\Microsoft.EntityFrameworkCore.dll /reference:C:\Users\rgobinath\.nuget\packages\microsoft.entityframeworkcore.relational\10.0.1\lib\net10.0\Microsoft.EntityFrameworkCore.Relational.dll /reference:C:\Users\rgobinath\.nuget\packages\microsoft.entityframeworkcore.sqlserver\10.0.1\lib\net10.0\Microsoft.EntityFrameworkCore.SqlServer.dll /reference:C:\Users\rgobinath\.nuget\packages\microsoft.extensions.caching.abstractions\10.0.1\lib\net10.0\Microsoft.Extensions.Caching.Abstractions.dll /reference:C:\Users\rgobinath\.nuget\packages\microsoft.extensions.caching.memory\10.0.1\lib\net10.0\Microsoft.Extensions.Caching.Memory.dll /reference:C:\Users\rgobinath\.nuget\packages\microsoft.extensions.configuration.abstractions\10.0.1\lib\net10.0\Microsoft.Extensions.Configuration.Abstractions.dll /reference:C:\Users\rgobinath\.nuget\packages\microsoft.extensions.configuration.binder\10.0.1\lib\net10.0\Microsoft.Extensions.Configuration.Binder.dll /reference:C:\Users\rgobinath\.nuget\packages\microsoft.extensions.configuration.commandline\10.0.1\lib\net10.0\Microsoft.Extensions.Configuration.CommandLine.dll /reference:C:\Users\rgobinath\.nuget\packages\microsoft.extensions.configuration\10.0.1\lib\net10.0\Microsoft.Extensions.Configuration.dll /reference:C:\Users\rgobinath\.nuget\packages\microsoft.extensions.configuration.environmentvariables\10.0.1\lib\net10.0\Microsoft.Extensions.Configuration.EnvironmentVariables.dll /reference:C:\Users\rgobinath\.nuget\packages\microsoft.extensions.configuration.fileextensions\10.0.1\lib\net10.0\Microsoft.Extensions.Configuration.FileExtensions.dll /reference:C:\Users\rgobinath\.nuget\packages\microsoft.extensions.configuration.json\10.0.1\lib\net10.0\Microsoft.Extensions.Configuration.Json.dll /reference:C:\Users\rgobinath\.nuget\packages\microsoft.extensions.configuration.usersecrets\10.0.1\lib\net10.0\Microsoft.Extensions.Configuration.UserSecrets.dll /reference:C:\Users\rgobinath\.nuget\packages\microsoft.extensions.dependencyinjection.abstractions\10.0.1\lib\net10.0\Microsoft.Extensions.DependencyInjection.Abstractions.dll /reference:C:\Users\rgobinath\.nuget\packages\microsoft.extensions.dependencyinjection\10.0.1\lib\net10.0\Microsoft.Extensions.DependencyInjection.dll /reference:C:\Users\rgobinath\.nuget\packages\microsoft.extensions.diagnostics.abstractions\10.0.1\lib\net10.0\Microsoft.Extensions.Diagnostics.Abstractions.dll /reference:C:\Users\rgobinath\.nuget\packages\microsoft.extensions.diagnostics\10.0.1\lib\net10.0\Microsoft.Extensions.Diagnostics.dll /reference:C:\Users\rgobinath\.nuget\packages\microsoft.extensions.fileproviders.abstractions\10.0.1\lib\net10.0\Microsoft.Extensions.FileProviders.Abstractions.dll /reference:C:\Users\rgobinath\.nuget\packages\microsoft.extensions.fileproviders.physical\10.0.1\lib\net10.0\Microsoft.Extensions.FileProviders.Physical.dll /reference:C:\Users\rgobinath\.nuget\packages\microsoft.extensions.filesystemglobbing\10.0.1\lib\net10.0\Microsoft.Extensions.FileSystemGlobbing.dll /reference:C:\Users\rgobinath\.nuget\packages\microsoft.extensions.hosting.abstractions\10.0.1\lib\net10.0\Microsoft.Extensions.Hosting.Abstractions.dll /reference:C:\Users\rgobinath\.nuget\packages\microsoft.extensions.hosting\10.0.1\lib\net10.0\Microsoft.Extensions.Hosting.dll /reference:C:\Users\rgobinath\.nuget\packages\microsoft.extensions.logging.abstractions\10.0.1\lib\net10.0\Microsoft.Extensions.Logging.Abstractions.dll /reference:C:\Users\rgobinath\.nuget\packages\microsoft.extensions.logging.configuration\10.0.1\lib\net10.0\Microsoft.Extensions.Logging.Configuration.dll /reference:C:\Users\rgobinath\.nuget\packages\microsoft.extensions.logging.console\10.0.1\lib\net10.0\Microsoft.Extensions.Logging.Console.dll /reference:C:\Users\rgobinath\.nuget\packages\microsoft.extensions.logging.debug\10.0.1\lib\net10.0\Microsoft.Extensions.Logging.Debug.dll /reference:C:\Users\rgobinath\.nuget\packages\microsoft.extensions.logging\10.0.1\lib\net10.0\Microsoft.Extensions.Logging.dll /reference:C:\Users\rgobinath\.nuget\packages\microsoft.extensions.logging.eventlog\10.0.1\lib\net10.0\Microsoft.Extensions.Logging.EventLog.dll /reference:C:\Users\rgobinath\.nuget\packages\microsoft.extensions.logging.eventsource\10.0.1\lib\net10.0\Microsoft.Extensions.Logging.EventSource.dll /reference:C:\Users\rgobinath\.nuget\packages\microsoft.extensions.options.configurationextensions\10.0.1\lib\net10.0\Microsoft.Extensions.Options.ConfigurationExtensions.dll /reference:C:\Users\rgobinath\.nuget\packages\microsoft.extensions.options\10.0.1\lib\net10.0\Microsoft.Extensions.Options.dll /reference:C:\Users\rgobinath\.nuget\packages\microsoft.extensions.primitives\10.0.1\lib\net10.0\Microsoft.Extensions.Primitives.dll /reference:C:\Users\rgobinath\.nuget\packages\microsoft.identity.client\4.73.1\lib\net8.0\Microsoft.Identity.Client.dll /reference:C:\Users\rgobinath\.nuget\packages\microsoft.identity.client.extensions.msal\4.73.1\lib\net8.0\Microsoft.Identity.Client.Extensions.Msal.dll /reference:C:\Users\rgobinath\.nuget\packages\microsoft.identitymodel.abstractions\7.7.1\lib\net8.0\Microsoft.IdentityModel.Abstractions.dll /reference:C:\Users\rgobinath\.nuget\packages\microsoft.identitymodel.jsonwebtokens\7.7.1\lib\net8.0\Microsoft.IdentityModel.JsonWebTokens.dll /reference:C:\Users\rgobinath\.nuget\packages\microsoft.identitymodel.logging\7.7.1\lib\net8.0\Microsoft.IdentityModel.Logging.dll /reference:C:\Users\rgobinath\.nuget\packages\microsoft.identitymodel.protocols\7.7.1\lib\net8.0\Microsoft.IdentityModel.Protocols.dll /reference:C:\Users\rgobinath\.nuget\packages\microsoft.identitymodel.protocols.openidconnect\7.7.1\lib\net8.0\Microsoft.IdentityModel.Protocols.OpenIdConnect.dll /reference:C:\Users\rgobinath\.nuget\packages\microsoft.identitymodel.tokens\7.7.1\lib\net8.0\Microsoft.IdentityModel.Tokens.dll /reference:C:\Users\rgobinath\.nuget\packages\microsoft.sqlserver.server\1.0.0\lib\netstandard2.0\Microsoft.SqlServer.Server.dll /reference:"C:\Program Files\dotnet\packs\Microsoft.NETCore.App.Ref\10.0.1\ref\net10.0\Microsoft.VisualBasic.Core.dll" /reference:"C:\Program Files\dotnet\packs\Microsoft.NETCore.App.Ref\10.0.1\ref\net10.0\Microsoft.VisualBasic.dll" /reference:"C:\Program Files\dotnet\packs\Microsoft.NETCore.App.Ref\10.0.1\ref\net10.0\Microsoft.Win32.Primitives.dll" /reference:"C:\Program Files\dotnet\packs\Microsoft.NETCore.App.Ref\10.0.1\ref\net10.0\Microsoft.Win32.Registry.dll" /reference:C:\Users\rgobinath\.nuget\packages\mimekit\4.14.0\lib\net8.0\MimeKit.dll /reference:"C:\Program Files\dotnet\packs\Microsoft.NETCore.App.Ref\10.0.1\ref\net10.0\mscorlib.dll" /reference:"C:\Program Files\dotnet\packs\Microsoft.NETCore.App.Ref\10.0.1\ref\net10.0\netstandard.dll" /reference:E:\Gobi\Pro\FleetX\Noltrion.Fleet.Platform\backend\Noltrion.FleetX.Application\obj\Debug\net10.0\ref\Noltrion.FleetX.Application.dll /reference:E:\Gobi\Pro\FleetX\Noltrion.Fleet.Platform\backend\Noltrion.FleetX.Domain\obj\Debug\net10.0\ref\Noltrion.FleetX.Domain.dll /reference:E:\Gobi\Pro\FleetX\Noltrion.Fleet.Platform\backend\Noltrion.Framework.Application\obj\Debug\net10.0\ref\Noltrion.Framework.Application.dll /reference:E:\Gobi\Pro\FleetX\Noltrion.Fleet.Platform\backend\Noltrion.Framework.Domain\obj\Debug\net10.0\ref\Noltrion.Framework.Domain.dll /reference:E:\Gobi\Pro\FleetX\Noltrion.Fleet.Platform\backend\Noltrion.Framework.Infrastructure\obj\Debug\net10.0\ref\Noltrion.Framework.Infrastructure.dll /reference:E:\Gobi\Pro\FleetX\Noltrion.Fleet.Platform\backend\Noltrion.Framework.Shared\obj\Debug\net10.0\ref\Noltrion.Framework.Shared.dll /reference:"C:\Program Files\dotnet\packs\Microsoft.NETCore.App.Ref\10.0.1\ref\net10.0\System.AppContext.dll" /reference:"C:\Program Files\dotnet\packs\Microsoft.NETCore.App.Ref\10.0.1\ref\net10.0\System.Buffers.dll" /reference:C:\Users\rgobinath\.nuget\packages\system.clientmodel\1.5.1\lib\net8.0\System.ClientModel.dll /reference:"C:\Program Files\dotnet\packs\Microsoft.NETCore.App.Ref\10.0.1\ref\net10.0\System.Collections.Concurrent.dll" /reference:"C:\Program Files\dotnet\packs\Microsoft.NETCore.App.Ref\10.0.1\ref\net10.0\System.Collections.dll" /reference:"C:\Program Files\dotnet\packs\Microsoft.NETCore.App.Ref\10.0.1\ref\net10.0\System.Collections.Immutable.dll" /reference:"C:\Program Files\dotnet\packs\Microsoft.NETCore.App.Ref\10.0.1\ref\net10.0\System.Collections.NonGeneric.dll" /reference:"C:\Program Files\dotnet\packs\Microsoft.NETCore.App.Ref\10.0.1\ref\net10.0\System.Collections.Specialized.dll" /reference:"C:\Program Files\dotnet\packs\Microsoft.NETCore.App.Ref\10.0.1\ref\net10.0\System.ComponentModel.Annotations.dll" /reference:"C:\Program Files\dotnet\packs\Microsoft.NETCore.App.Ref\10.0.1\ref\net10.0\System.ComponentModel.DataAnnotations.dll" /reference:"C:\Program Files\dotnet\packs\Microsoft.NETCore.App.Ref\10.0.1\ref\net10.0\System.ComponentModel.dll" /reference:"C:\Program Files\dotnet\packs\Microsoft.NETCore.App.Ref\10.0.1\ref\net10.0\System.ComponentModel.EventBasedAsync.dll" /reference:"C:\Program Files\dotnet\packs\Microsoft.NETCore.App.Ref\10.0.1\ref\net10.0\System.ComponentModel.Primitives.dll" /reference:"C:\Program Files\dotnet\packs\Microsoft.NETCore.App.Ref\10.0.1\ref\net10.0\System.ComponentModel.TypeConverter.dll" /reference:"C:\Program Files\dotnet\packs\Microsoft.NETCore.App.Ref\10.0.1\ref\net10.0\System.Configuration.dll" /reference:"C:\Program Files\dotnet\packs\Microsoft.NETCore.App.Ref\10.0.1\ref\net10.0\System.Console.dll" /reference:"C:\Program Files\dotnet\packs\Microsoft.NETCore.App.Ref\10.0.1\ref\net10.0\System.Core.dll" /reference:"C:\Program Files\dotnet\packs\Microsoft.NETCore.App.Ref\10.0.1\ref\net10.0\System.Data.Common.dll" /reference:"C:\Program Files\dotnet\packs\Microsoft.NETCore.App.Ref\10.0.1\ref\net10.0\System.Data.DataSetExtensions.dll" /reference:"C:\Program Files\dotnet\packs\Microsoft.NETCore.App.Ref\10.0.1\ref\net10.0\System.Data.dll" /reference:"C:\Program Files\dotnet\packs\Microsoft.NETCore.App.Ref\10.0.1\ref\net10.0\System.Diagnostics.Contracts.dll" /reference:"C:\Program Files\dotnet\packs\Microsoft.NETCore.App.Ref\10.0.1\ref\net10.0\System.Diagnostics.Debug.dll" /reference:"C:\Program Files\dotnet\packs\Microsoft.NETCore.App.Ref\10.0.1\ref\net10.0\System.Diagnostics.DiagnosticSource.dll" /reference:C:\Users\rgobinath\.nuget\packages\system.diagnostics.eventlog\10.0.1\lib\net10.0\System.Diagnostics.EventLog.dll /reference:"C:\Program Files\dotnet\packs\Microsoft.NETCore.App.Ref\10.0.1\ref\net10.0\System.Diagnostics.FileVersionInfo.dll" /reference:"C:\Program Files\dotnet\packs\Microsoft.NETCore.App.Ref\10.0.1\ref\net10.0\System.Diagnostics.Process.dll" /reference:"C:\Program Files\dotnet\packs\Microsoft.NETCore.App.Ref\10.0.1\ref\net10.0\System.Diagnostics.StackTrace.dll" /reference:"C:\Program Files\dotnet\packs\Microsoft.NETCore.App.Ref\10.0.1\ref\net10.0\System.Diagnostics.TextWriterTraceListener.dll" /reference:"C:\Program Files\dotnet\packs\Microsoft.NETCore.App.Ref\10.0.1\ref\net10.0\System.Diagnostics.Tools.dll" /reference:"C:\Program Files\dotnet\packs\Microsoft.NETCore.App.Ref\10.0.1\ref\net10.0\System.Diagnostics.TraceSource.dll" /reference:"C:\Program Files\dotnet\packs\Microsoft.NETCore.App.Ref\10.0.1\ref\net10.0\System.Diagnostics.Tracing.dll" /reference:"C:\Program Files\dotnet\packs\Microsoft.NETCore.App.Ref\10.0.1\ref\net10.0\System.dll" /reference:"C:\Program Files\dotnet\packs\Microsoft.NETCore.App.Ref\10.0.1\ref\net10.0\System.Drawing.dll" /reference:"C:\Program Files\dotnet\packs\Microsoft.NETCore.App.Ref\10.0.1\ref\net10.0\System.Drawing.Primitives.dll" /reference:"C:\Program Files\dotnet\packs\Microsoft.NETCore.App.Ref\10.0.1\ref\net10.0\System.Dynamic.Runtime.dll" /reference:"C:\Program Files\dotnet\packs\Microsoft.NETCore.App.Ref\10.0.1\ref\net10.0\System.Formats.Asn1.dll" /reference:"C:\Program Files\dotnet\packs\Microsoft.NETCore.App.Ref\10.0.1\ref\net10.0\System.Formats.Tar.dll" /reference:"C:\Program Files\dotnet\packs\Microsoft.NETCore.App.Ref\10.0.1\ref\net10.0\System.Globalization.Calendars.dll" /reference:"C:\Program Files\dotnet\packs\Microsoft.NETCore.App.Ref\10.0.1\ref\net10.0\System.Globalization.dll" /reference:"C:\Program Files\dotnet\packs\Microsoft.NETCore.App.Ref\10.0.1\ref\net10.0\System.Globalization.Extensions.dll" /reference:C:\Users\rgobinath\.nuget\packages\system.identitymodel.tokens.jwt\7.7.1\lib\net8.0\System.IdentityModel.Tokens.Jwt.dll /reference:"C:\Program Files\dotnet\packs\Microsoft.NETCore.App.Ref\10.0.1\ref\net10.0\System.IO.Compression.Brotli.dll" /reference:"C:\Program Files\dotnet\packs\Microsoft.NETCore.App.Ref\10.0.1\ref\net10.0\System.IO.Compression.dll" /reference:"C:\Program Files\dotnet\packs\Microsoft.NETCore.App.Ref\10.0.1\ref\net10.0\System.IO.Compression.FileSystem.dll" /reference:"C:\Program Files\dotnet\packs\Microsoft.NETCore.App.Ref\10.0.1\ref\net10.0\System.IO.Compression.ZipFile.dll" /reference:"C:\Program Files\dotnet\packs\Microsoft.NETCore.App.Ref\10.0.1\ref\net10.0\System.IO.dll" /reference:"C:\Program Files\dotnet\packs\Microsoft.NETCore.App.Ref\10.0.1\ref\net10.0\System.IO.FileSystem.AccessControl.dll" /reference:"C:\Program Files\dotnet\packs\Microsoft.NETCore.App.Ref\10.0.1\ref\net10.0\System.IO.FileSystem.dll" /reference:"C:\Program Files\dotnet\packs\Microsoft.NETCore.App.Ref\10.0.1\ref\net10.0\System.IO.FileSystem.DriveInfo.dll" /reference:"C:\Program Files\dotnet\packs\Microsoft.NETCore.App.Ref\10.0.1\ref\net10.0\System.IO.FileSystem.Primitives.dll" /reference:"C:\Program Files\dotnet\packs\Microsoft.NETCore.App.Ref\10.0.1\ref\net10.0\System.IO.FileSystem.Watcher.dll" /reference:"C:\Program Files\dotnet\packs\Microsoft.NETCore.App.Ref\10.0.1\ref\net10.0\System.IO.IsolatedStorage.dll" /reference:"C:\Program Files\dotnet\packs\Microsoft.NETCore.App.Ref\10.0.1\ref\net10.0\System.IO.MemoryMappedFiles.dll" /reference:"C:\Program Files\dotnet\packs\Microsoft.NETCore.App.Ref\10.0.1\ref\net10.0\System.IO.Pipelines.dll" /reference:"C:\Program Files\dotnet\packs\Microsoft.NETCore.App.Ref\10.0.1\ref\net10.0\System.IO.Pipes.AccessControl.dll" /reference:"C:\Program Files\dotnet\packs\Microsoft.NETCore.App.Ref\10.0.1\ref\net10.0\System.IO.Pipes.dll" /reference:"C:\Program Files\dotnet\packs\Microsoft.NETCore.App.Ref\10.0.1\ref\net10.0\System.IO.UnmanagedMemoryStream.dll" /reference:"C:\Program Files\dotnet\packs\Microsoft.NETCore.App.Ref\10.0.1\ref\net10.0\System.Linq.AsyncEnumerable.dll" /reference:"C:\Program Files\dotnet\packs\Microsoft.NETCore.App.Ref\10.0.1\ref\net10.0\System.Linq.dll" /reference:"C:\Program Files\dotnet\packs\Microsoft.NETCore.App.Ref\10.0.1\ref\net10.0\System.Linq.Expressions.dll" /reference:"C:\Program Files\dotnet\packs\Microsoft.NETCore.App.Ref\10.0.1\ref\net10.0\System.Linq.Parallel.dll" /reference:"C:\Program Files\dotnet\packs\Microsoft.NETCore.App.Ref\10.0.1\ref\net10.0\System.Linq.Queryable.dll" /reference:C:\Users\rgobinath\.nuget\packages\system.memory.data\8.0.1\lib\net8.0\System.Memory.Data.dll /reference:"C:\Program Files\dotnet\packs\Microsoft.NETCore.App.Ref\10.0.1\ref\net10.0\System.Memory.dll" /reference:"C:\Program Files\dotnet\packs\Microsoft.NETCore.App.Ref\10.0.1\ref\net10.0\System.Net.dll" /reference:"C:\Program Files\dotnet\packs\Microsoft.NETCore.App.Ref\10.0.1\ref\net10.0\System.Net.Http.dll" /reference:"C:\Program Files\dotnet\packs\Microsoft.NETCore.App.Ref\10.0.1\ref\net10.0\System.Net.Http.Json.dll" /reference:"C:\Program Files\dotnet\packs\Microsoft.NETCore.App.Ref\10.0.1\ref\net10.0\System.Net.HttpListener.dll" /reference:"C:\Program Files\dotnet\packs\Microsoft.NETCore.App.Ref\10.0.1\ref\net10.0\System.Net.Mail.dll" /reference:"C:\Program Files\dotnet\packs\Microsoft.NETCore.App.Ref\10.0.1\ref\net10.0\System.Net.NameResolution.dll" /reference:"C:\Program Files\dotnet\packs\Microsoft.NETCore.App.Ref\10.0.1\ref\net10.0\System.Net.NetworkInformation.dll" /reference:"C:\Program Files\dotnet\packs\Microsoft.NETCore.App.Ref\10.0.1\ref\net10.0\System.Net.Ping.dll" /reference:"C:\Program Files\dotnet\packs\Microsoft.NETCore.App.Ref\10.0.1\ref\net10.0\System.Net.Primitives.dll" /reference:"C:\Program Files\dotnet\packs\Microsoft.NETCore.App.Ref\10.0.1\ref\net10.0\System.Net.Quic.dll" /reference:"C:\Program Files\dotnet\packs\Microsoft.NETCore.App.Ref\10.0.1\ref\net10.0\System.Net.Requests.dll" /reference:"C:\Program Files\dotnet\packs\Microsoft.NETCore.App.Ref\10.0.1\ref\net10.0\System.Net.Security.dll" /reference:"C:\Program Files\dotnet\packs\Microsoft.NETCore.App.Ref\10.0.1\ref\net10.0\System.Net.ServerSentEvents.dll" /reference:"C:\Program Files\dotnet\packs\Microsoft.NETCore.App.Ref\10.0.1\ref\net10.0\System.Net.ServicePoint.dll" /reference:"C:\Program Files\dotnet\packs\Microsoft.NETCore.App.Ref\10.0.1\ref\net10.0\System.Net.Sockets.dll" /reference:"C:\Program Files\dotnet\packs\Microsoft.NETCore.App.Ref\10.0.1\ref\net10.0\System.Net.WebClient.dll" /reference:"C:\Program Files\dotnet\packs\Microsoft.NETCore.App.Ref\10.0.1\ref\net10.0\System.Net.WebHeaderCollection.dll" /reference:"C:\Program Files\dotnet\packs\Microsoft.NETCore.App.Ref\10.0.1\ref\net10.0\System.Net.WebProxy.dll" /reference:"C:\Program Files\dotnet\packs\Microsoft.NETCore.App.Ref\10.0.1\ref\net10.0\System.Net.WebSockets.Client.dll" /reference:"C:\Program Files\dotnet\packs\Microsoft.NETCore.App.Ref\10.0.1\ref\net10.0\System.Net.WebSockets.dll" /reference:"C:\Program Files\dotnet\packs\Microsoft.NETCore.App.Ref\10.0.1\ref\net10.0\System.Numerics.dll" /reference:"C:\Program Files\dotnet\packs\Microsoft.NETCore.App.Ref\10.0.1\ref\net10.0\System.Numerics.Vectors.dll" /reference:"C:\Program Files\dotnet\packs\Microsoft.NETCore.App.Ref\10.0.1\ref\net10.0\System.ObjectModel.dll" /reference:"C:\Program Files\dotnet\packs\Microsoft.NETCore.App.Ref\10.0.1\ref\net10.0\System.Reflection.DispatchProxy.dll" /reference:"C:\Program Files\dotnet\packs\Microsoft.NETCore.App.Ref\10.0.1\ref\net10.0\System.Reflection.dll" /reference:"C:\Program Files\dotnet\packs\Microsoft.NETCore.App.Ref\10.0.1\ref\net10.0\System.Reflection.Emit.dll" /reference:"C:\Program Files\dotnet\packs\Microsoft.NETCore.App.Ref\10.0.1\ref\net10.0\System.Reflection.Emit.ILGeneration.dll" /reference:"C:\Program Files\dotnet\packs\Microsoft.NETCore.App.Ref\10.0.1\ref\net10.0\System.Reflection.Emit.Lightweight.dll" /reference:"C:\Program Files\dotnet\packs\Microsoft.NETCore.App.Ref\10.0.1\ref\net10.0\System.Reflection.Extensions.dll" /reference:"C:\Program Files\dotnet\packs\Microsoft.NETCore.App.Ref\10.0.1\ref\net10.0\System.Reflection.Metadata.dll" /reference:"C:\Program Files\dotnet\packs\Microsoft.NETCore.App.Ref\10.0.1\ref\net10.0\System.Reflection.Primitives.dll" /reference:"C:\Program Files\dotnet\packs\Microsoft.NETCore.App.Ref\10.0.1\ref\net10.0\System.Reflection.TypeExtensions.dll" /reference:"C:\Program Files\dotnet\packs\Microsoft.NETCore.App.Ref\10.0.1\ref\net10.0\System.Resources.Reader.dll" /reference:"C:\Program Files\dotnet\packs\Microsoft.NETCore.App.Ref\10.0.1\ref\net10.0\System.Resources.ResourceManager.dll" /reference:"C:\Program Files\dotnet\packs\Microsoft.NETCore.App.Ref\10.0.1\ref\net10.0\System.Resources.Writer.dll" /reference:"C:\Program Files\dotnet\packs\Microsoft.NETCore.App.Ref\10.0.1\ref\net10.0\System.Runtime.CompilerServices.Unsafe.dll" /reference:"C:\Program Files\dotnet\packs\Microsoft.NETCore.App.Ref\10.0.1\ref\net10.0\System.Runtime.CompilerServices.VisualC.dll" /reference:"C:\Program Files\dotnet\packs\Microsoft.NETCore.App.Ref\10.0.1\ref\net10.0\System.Runtime.dll" /reference:"C:\Program Files\dotnet\packs\Microsoft.NETCore.App.Ref\10.0.1\ref\net10.0\System.Runtime.Extensions.dll" /reference:"C:\Program Files\dotnet\packs\Microsoft.NETCore.App.Ref\10.0.1\ref\net10.0\System.Runtime.Handles.dll" /reference:"C:\Program Files\dotnet\packs\Microsoft.NETCore.App.Ref\10.0.1\ref\net10.0\System.Runtime.InteropServices.dll" /reference:"C:\Program Files\dotnet\packs\Microsoft.NETCore.App.Ref\10.0.1\ref\net10.0\System.Runtime.InteropServices.JavaScript.dll" /reference:"C:\Program Files\dotnet\packs\Microsoft.NETCore.App.Ref\10.0.1\ref\net10.0\System.Runtime.InteropServices.RuntimeInformation.dll" /reference:"C:\Program Files\dotnet\packs\Microsoft.NETCore.App.Ref\10.0.1\ref\net10.0\System.Runtime.Intrinsics.dll" /reference:"C:\Program Files\dotnet\packs\Microsoft.NETCore.App.Ref\10.0.1\ref\net10.0\System.Runtime.Loader.dll" /reference:"C:\Program Files\dotnet\packs\Microsoft.NETCore.App.Ref\10.0.1\ref\net10.0\System.Runtime.Numerics.dll" /reference:"C:\Program Files\dotnet\packs\Microsoft.NETCore.App.Ref\10.0.1\ref\net10.0\System.Runtime.Serialization.dll" /reference:"C:\Program Files\dotnet\packs\Microsoft.NETCore.App.Ref\10.0.1\ref\net10.0\System.Runtime.Serialization.Formatters.dll" /reference:"C:\Program Files\dotnet\packs\Microsoft.NETCore.App.Ref\10.0.1\ref\net10.0\System.Runtime.Serialization.Json.dll" /reference:"C:\Program Files\dotnet\packs\Microsoft.NETCore.App.Ref\10.0.1\ref\net10.0\System.Runtime.Serialization.Primitives.dll" /reference:"C:\Program Files\dotnet\packs\Microsoft.NETCore.App.Ref\10.0.1\ref\net10.0\System.Runtime.Serialization.Xml.dll" /reference:"C:\Program Files\dotnet\packs\Microsoft.NETCore.App.Ref\10.0.1\ref\net10.0\System.Security.AccessControl.dll" /reference:"C:\Program Files\dotnet\packs\Microsoft.NETCore.App.Ref\10.0.1\ref\net10.0\System.Security.Claims.dll" /reference:"C:\Program Files\dotnet\packs\Microsoft.NETCore.App.Ref\10.0.1\ref\net10.0\System.Security.Cryptography.Algorithms.dll" /reference:"C:\Program Files\dotnet\packs\Microsoft.NETCore.App.Ref\10.0.1\ref\net10.0\System.Security.Cryptography.Cng.dll" /reference:"C:\Program Files\dotnet\packs\Microsoft.NETCore.App.Ref\10.0.1\ref\net10.0\System.Security.Cryptography.Csp.dll" /reference:"C:\Program Files\dotnet\packs\Microsoft.NETCore.App.Ref\10.0.1\ref\net10.0\System.Security.Cryptography.dll" /reference:"C:\Program Files\dotnet\packs\Microsoft.NETCore.App.Ref\10.0.1\ref\net10.0\System.Security.Cryptography.Encoding.dll" /reference:"C:\Program Files\dotnet\packs\Microsoft.NETCore.App.Ref\10.0.1\ref\net10.0\System.Security.Cryptography.OpenSsl.dll" /reference:C:\Users\rgobinath\.nuget\packages\system.security.cryptography.pkcs\9.0.4\lib\net9.0\System.Security.Cryptography.Pkcs.dll /reference:"C:\Program Files\dotnet\packs\Microsoft.NETCore.App.Ref\10.0.1\ref\net10.0\System.Security.Cryptography.Primitives.dll" /reference:C:\Users\rgobinath\.nuget\packages\system.security.cryptography.protecteddata\9.0.4\lib\net9.0\System.Security.Cryptography.ProtectedData.dll /reference:"C:\Program Files\dotnet\packs\Microsoft.NETCore.App.Ref\10.0.1\ref\net10.0\System.Security.Cryptography.X509Certificates.dll" /reference:"C:\Program Files\dotnet\packs\Microsoft.NETCore.App.Ref\10.0.1\ref\net10.0\System.Security.dll" /reference:"C:\Program Files\dotnet\packs\Microsoft.NETCore.App.Ref\10.0.1\ref\net10.0\System.Security.Principal.dll" /reference:"C:\Program Files\dotnet\packs\Microsoft.NETCore.App.Ref\10.0.1\ref\net10.0\System.Security.Principal.Windows.dll" /reference:"C:\Program Files\dotnet\packs\Microsoft.NETCore.App.Ref\10.0.1\ref\net10.0\System.Security.SecureString.dll" /reference:"C:\Program Files\dotnet\packs\Microsoft.NETCore.App.Ref\10.0.1\ref\net10.0\System.ServiceModel.Web.dll" /reference:"C:\Program Files\dotnet\packs\Microsoft.NETCore.App.Ref\10.0.1\ref\net10.0\System.ServiceProcess.dll" /reference:"C:\Program Files\dotnet\packs\Microsoft.NETCore.App.Ref\10.0.1\ref\net10.0\System.Text.Encoding.CodePages.dll" /reference:"C:\Program Files\dotnet\packs\Microsoft.NETCore.App.Ref\10.0.1\ref\net10.0\System.Text.Encoding.dll" /reference:"C:\Program Files\dotnet\packs\Microsoft.NETCore.App.Ref\10.0.1\ref\net10.0\System.Text.Encoding.Extensions.dll" /reference:"C:\Program Files\dotnet\packs\Microsoft.NETCore.App.Ref\10.0.1\ref\net10.0\System.Text.Encodings.Web.dll" /reference:"C:\Program Files\dotnet\packs\Microsoft.NETCore.App.Ref\10.0.1\ref\net10.0\System.Text.Json.dll" /reference:"C:\Program Files\dotnet\packs\Microsoft.NETCore.App.Ref\10.0.1\ref\net10.0\System.Text.RegularExpressions.dll" /reference:"C:\Program Files\dotnet\packs\Microsoft.NETCore.App.Ref\10.0.1\ref\net10.0\System.Threading.AccessControl.dll" /reference:"C:\Program Files\dotnet\packs\Microsoft.NETCore.App.Ref\10.0.1\ref\net10.0\System.Threading.Channels.dll" /reference:"C:\Program Files\dotnet\packs\Microsoft.NETCore.App.Ref\10.0.1\ref\net10.0\System.Threading.dll" /reference:"C:\Program Files\dotnet\packs\Microsoft.NETCore.App.Ref\10.0.1\ref\net10.0\System.Threading.Overlapped.dll" /reference:"C:\Program Files\dotnet\packs\Microsoft.NETCore.App.Ref\10.0.1\ref\net10.0\System.Threading.Tasks.Dataflow.dll" /reference:"C:\Program Files\dotnet\packs\Microsoft.NETCore.App.Ref\10.0.1\ref\net10.0\System.Threading.Tasks.dll" /reference:"C:\Program Files\dotnet\packs\Microsoft.NETCore.App.Ref\10.0.1\ref\net10.0\System.Threading.Tasks.Extensions.dll" /reference:"C:\Program Files\dotnet\packs\Microsoft.NETCore.App.Ref\10.0.1\ref\net10.0\System.Threading.Tasks.Parallel.dll" /reference:"C:\Program Files\dotnet\packs\Microsoft.NETCore.App.Ref\10.0.1\ref\net10.0\System.Threading.Thread.dll" /reference:"C:\Program Files\dotnet\packs\Microsoft.NETCore.App.Ref\10.0.1\ref\net10.0\System.Threading.ThreadPool.dll" /reference:"C:\Program Files\dotnet\packs\Microsoft.NETCore.App.Ref\10.0.1\ref\net10.0\System.Threading.Timer.dll" /reference:"C:\Program Files\dotnet\packs\Microsoft.NETCore.App.Ref\10.0.1\ref\net10.0\System.Transactions.dll" /reference:"C:\Program Files\dotnet\packs\Microsoft.NETCore.App.Ref\10.0.1\ref\net10.0\System.Transactions.Local.dll" /reference:"C:\Program Files\dotnet\packs\Microsoft.NETCore.App.Ref\10.0.1\ref\net10.0\System.ValueTuple.dll" /reference:"C:\Program Files\dotnet\packs\Microsoft.NETCore.App.Ref\10.0.1\ref\net10.0\System.Web.dll" /reference:"C:\Program Files\dotnet\packs\Microsoft.NETCore.App.Ref\10.0.1\ref\net10.0\System.Web.HttpUtility.dll" /reference:"C:\Program Files\dotnet\packs\Microsoft.NETCore.App.Ref\10.0.1\ref\net10.0\System.Windows.dll" /reference:"C:\Program Files\dotnet\packs\Microsoft.NETCore.App.Ref\10.0.1\ref\net10.0\System.Xml.dll" /reference:"C:\Program Files\dotnet\packs\Microsoft.NETCore.App.Ref\10.0.1\ref\net10.0\System.Xml.Linq.dll" /reference:"C:\Program Files\dotnet\packs\Microsoft.NETCore.App.Ref\10.0.1\ref\net10.0\System.Xml.ReaderWriter.dll" /reference:"C:\Program Files\dotnet\packs\Microsoft.NETCore.App.Ref\10.0.1\ref\net10.0\System.Xml.Serialization.dll" /reference:"C:\Program Files\dotnet\packs\Microsoft.NETCore.App.Ref\10.0.1\ref\net10.0\System.Xml.XDocument.dll" /reference:"C:\Program Files\dotnet\packs\Microsoft.NETCore.App.Ref\10.0.1\ref\net10.0\System.Xml.XmlDocument.dll" /reference:"C:\Program Files\dotnet\packs\Microsoft.NETCore.App.Ref\10.0.1\ref\net10.0\System.Xml.XmlSerializer.dll" /reference:"C:\Program Files\dotnet\packs\Microsoft.NETCore.App.Ref\10.0.1\ref\net10.0\System.Xml.XPath.dll" /reference:"C:\Program Files\dotnet\packs\Microsoft.NETCore.App.Ref\10.0.1\ref\net10.0\System.Xml.XPath.XDocument.dll" /reference:"C:\Program Files\dotnet\packs\Microsoft.NETCore.App.Ref\10.0.1\ref\net10.0\WindowsBase.dll" /features:"InterceptorsNamespaces=;Microsoft.Extensions.Validation.Generated" /debug+ /debug:portable /filealign:512 /optimize- /out:obj\Debug\net10.0\Noltrion.FleetX.Infrastructure.dll /refout:obj\Debug\net10.0\refint\Noltrion.FleetX.Infrastructure.dll /target:library /warnaserror- /utf8output /deterministic+ /langversion:14.0 /analyzerconfig:obj\Debug\net10.0\Noltrion.FleetX.Infrastructure.GeneratedMSBuildEditorConfig.editorconfig /analyzerconfig:"C:\Program Files\dotnet\sdk\10.0.101\Sdks\Microsoft.NET.Sdk\analyzers\build\config\analysislevel_10_default.globalconfig" /analyzer:"C:\Program Files\dotnet\sdk\10.0.101\Sdks\Microsoft.NET.Sdk\targets\..\analyzers\Microsoft.CodeAnalysis.CSharp.NetAnalyzers.dll" /analyzer:"C:\Program Files\dotnet\sdk\10.0.101\Sdks\Microsoft.NET.Sdk\targets\..\analyzers\Microsoft.CodeAnalysis.NetAnalyzers.dll" /analyzer:C:\Users\rgobinath\.nuget\packages\microsoft.codeanalysis.analyzers\3.11.0\analyzers\dotnet\cs\Microsoft.CodeAnalysis.Analyzers.dll /analyzer:C:\Users\rgobinath\.nuget\packages\microsoft.codeanalysis.analyzers\3.11.0\analyzers\dotnet\cs\Microsoft.CodeAnalysis.CSharp.Analyzers.dll /analyzer:C:\Users\rgobinath\.nuget\packages\microsoft.entityframeworkcore.analyzers\10.0.1\analyzers\dotnet\cs\Microsoft.EntityFrameworkCore.Analyzers.dll /analyzer:C:\Users\rgobinath\.nuget\packages\microsoft.extensions.logging.abstractions\10.0.1\analyzers\dotnet\roslyn4.4\cs\Microsoft.Extensions.Logging.Generators.dll /analyzer:C:\Users\rgobinath\.nuget\packages\microsoft.extensions.options\10.0.1\analyzers\dotnet\roslyn4.4\cs\Microsoft.Extensions.Options.SourceGeneration.dll /analyzer:C:\Users\rgobinath\.nuget\packages\system.clientmodel\1.5.1\analyzers\dotnet\cs\System.ClientModel.SourceGeneration.dll /analyzer:"C:\Program Files\dotnet\packs\Microsoft.NETCore.App.Ref\10.0.1\analyzers/dotnet/cs/Microsoft.Interop.ComInterfaceGenerator.dll" /analyzer:"C:\Program Files\dotnet\packs\Microsoft.NETCore.App.Ref\10.0.1\analyzers/dotnet/cs/Microsoft.Interop.JavaScript.JSImportGenerator.dll" /analyzer:"C:\Program Files\dotnet\packs\Microsoft.NETCore.App.Ref\10.0.1\analyzers/dotnet/cs/Microsoft.Interop.LibraryImportGenerator.dll" /analyzer:"C:\Program Files\dotnet\packs\Microsoft.NETCore.App.Ref\10.0.1\analyzers/dotnet/cs/Microsoft.Interop.SourceGeneration.dll" /analyzer:"C:\Program Files\dotnet\packs\Microsoft.NETCore.App.Ref\10.0.1\analyzers/dotnet/cs/System.Text.Json.SourceGeneration.dll" /analyzer:"C:\Program Files\dotnet\packs\Microsoft.NETCore.App.Ref\10.0.1\analyzers/dotnet/cs/System.Text.RegularExpressions.Generator.dll" Class1.cs Migrations\20251217054909_Initial_FleetX.cs Migrations\20251217054909_Initial_FleetX.Designer.cs Migrations\20251217112221_JobEntity_Added.cs Migrations\20251217112221_JobEntity_Added.Designer.cs Migrations\20251217150418_AddVehicleCapacity.cs Migrations\20251217150418_AddVehicleCapacity.Designer.cs Migrations\20251217160446_AddTripEntities.cs Migrations\20251217160446_AddTripEntities.Designer.cs Migrations\20251217174018_AddVehicleLocation.cs Migrations\20251217174018_AddVehicleLocation.Designer.cs Migrations\20251217184550_AddAuditLogs.cs Migrations\20251217184550_AddAuditLogs.Designer.cs Migrations\20251217192433_AddCustomerEntity.cs Migrations\20251217192433_AddCustomerEntity.Designer.cs Migrations\FleetXDbContextModelSnapshot.cs Persistence\FleetXDbContext.cs Persistence\FleetXDbContextFactory.cs Persistence\FleetXSeeder.cs Services\Background\EmailListenerService.cs Services\Notifications\NotificationService.cs Services\Planning\CostService.cs Services\Planning\EtaService.cs Services\Planning\PlanningService.cs Services\Security\MenuService.cs Services\Security\PermissionService.cs Services\Web\CustomerService.cs obj\Debug\net10.0\Noltrion.FleetX.Infrastructure.GlobalUsings.g.cs "obj\Debug\net10.0\.NETCoreApp,Version=v10.0.AssemblyAttributes.cs" obj\Debug\net10.0\Noltrion.FleetX.Infrastructure.AssemblyInfo.cs /warnaserror+:NU1605,SYSLIB0011
         Compilation request Noltrion.FleetX.Infrastructure (net10.0), PathToTool=C:\Program Files\dotnet\sdk\10.0.101\Roslyn\bincore\csc.exe
         CommandLine = ' /noconfig'
         BuildResponseFile = '/unsafe- /checked- /nowarn:1701,1702,1701,1702 /fullpaths /nostdlib+ /errorreport:prompt /warn:10 /define:TRACE;DEBUG;NET;NET10_0;NETCOREAPP;NET5_0_OR_GREATER;NET6_0_OR_GREATER;NET7_0_OR_GREATER;NET8_0_OR_GREATER;NET9_0_OR_GREATER;NET10_0_OR_GREATER;NETCOREAPP1_0_OR_GREATER;NETCOREAPP1_1_OR_GREATER;NETCOREAPP2_0_OR_GREATER;NETCOREAPP2_1_OR_GREATER;NETCOREAPP2_2_OR_GREATER;NETCOREAPP3_0_OR_GREATER;NETCOREAPP3_1_OR_GREATER /highentropyva+ /nullable:enable /reference:C:\Users\rgobinath\.nuget\packages\azure.core\1.47.1\lib\net8.0\Azure.Core.dll /reference:C:\Users\rgobinath\.nuget\packages\azure.identity\1.14.2\lib\net8.0\Azure.Identity.dll /reference:C:\Users\rgobinath\.nuget\packages\bouncycastle.cryptography\2.6.1\lib\net6.0\BouncyCastle.Cryptography.dll /reference:C:\Users\rgobinath\.nuget\packages\mailkit\4.14.1\lib\net8.0\MailKit.dll /reference:C:\Users\rgobinath\.nuget\packages\microsoft.bcl.asyncinterfaces\8.0.0\lib\netstandard2.1\Microsoft.Bcl.AsyncInterfaces.dll /reference:C:\Users\rgobinath\.nuget\packages\microsoft.bcl.cryptography\9.0.4\lib\net9.0\Microsoft.Bcl.Cryptography.dll /reference:"C:\Program Files\dotnet\packs\Microsoft.NETCore.App.Ref\10.0.1\ref\net10.0\Microsoft.CSharp.dll" /reference:C:\Users\rgobinath\.nuget\packages\microsoft.data.sqlclient\6.1.1\ref\net9.0\Microsoft.Data.SqlClient.dll /reference:C:\Users\rgobinath\.nuget\packages\microsoft.entityframeworkcore.abstractions\10.0.1\lib\net10.0\Microsoft.EntityFrameworkCore.Abstractions.dll /reference:C:\Users\rgobinath\.nuget\packages\microsoft.entityframeworkcore\10.0.1\lib\net10.0\Microsoft.EntityFrameworkCore.dll /reference:C:\Users\rgobinath\.nuget\packages\microsoft.entityframeworkcore.relational\10.0.1\lib\net10.0\Microsoft.EntityFrameworkCore.Relational.dll /reference:C:\Users\rgobinath\.nuget\packages\microsoft.entityframeworkcore.sqlserver\10.0.1\lib\net10.0\Microsoft.EntityFrameworkCore.SqlServer.dll /reference:C:\Users\rgobinath\.nuget\packages\microsoft.extensions.caching.abstractions\10.0.1\lib\net10.0\Microsoft.Extensions.Caching.Abstractions.dll /reference:C:\Users\rgobinath\.nuget\packages\microsoft.extensions.caching.memory\10.0.1\lib\net10.0\Microsoft.Extensions.Caching.Memory.dll /reference:C:\Users\rgobinath\.nuget\packages\microsoft.extensions.configuration.abstractions\10.0.1\lib\net10.0\Microsoft.Extensions.Configuration.Abstractions.dll /reference:C:\Users\rgobinath\.nuget\packages\microsoft.extensions.configuration.binder\10.0.1\lib\net10.0\Microsoft.Extensions.Configuration.Binder.dll /reference:C:\Users\rgobinath\.nuget\packages\microsoft.extensions.configuration.commandline\10.0.1\lib\net10.0\Microsoft.Extensions.Configuration.CommandLine.dll /reference:C:\Users\rgobinath\.nuget\packages\microsoft.extensions.configuration\10.0.1\lib\net10.0\Microsoft.Extensions.Configuration.dll /reference:C:\Users\rgobinath\.nuget\packages\microsoft.extensions.configuration.environmentvariables\10.0.1\lib\net10.0\Microsoft.Extensions.Configuration.EnvironmentVariables.dll /reference:C:\Users\rgobinath\.nuget\packages\microsoft.extensions.configuration.fileextensions\10.0.1\lib\net10.0\Microsoft.Extensions.Configuration.FileExtensions.dll /reference:C:\Users\rgobinath\.nuget\packages\microsoft.extensions.configuration.json\10.0.1\lib\net10.0\Microsoft.Extensions.Configuration.Json.dll /reference:C:\Users\rgobinath\.nuget\packages\microsoft.extensions.configuration.usersecrets\10.0.1\lib\net10.0\Microsoft.Extensions.Configuration.UserSecrets.dll /reference:C:\Users\rgobinath\.nuget\packages\microsoft.extensions.dependencyinjection.abstractions\10.0.1\lib\net10.0\Microsoft.Extensions.DependencyInjection.Abstractions.dll /reference:C:\Users\rgobinath\.nuget\packages\microsoft.extensions.dependencyinjection\10.0.1\lib\net10.0\Microsoft.Extensions.DependencyInjection.dll /reference:C:\Users\rgobinath\.nuget\packages\microsoft.extensions.diagnostics.abstractions\10.0.1\lib\net10.0\Microsoft.Extensions.Diagnostics.Abstractions.dll /reference:C:\Users\rgobinath\.nuget\packages\microsoft.extensions.diagnostics\10.0.1\lib\net10.0\Microsoft.Extensions.Diagnostics.dll /reference:C:\Users\rgobinath\.nuget\packages\microsoft.extensions.fileproviders.abstractions\10.0.1\lib\net10.0\Microsoft.Extensions.FileProviders.Abstractions.dll /reference:C:\Users\rgobinath\.nuget\packages\microsoft.extensions.fileproviders.physical\10.0.1\lib\net10.0\Microsoft.Extensions.FileProviders.Physical.dll /reference:C:\Users\rgobinath\.nuget\packages\microsoft.extensions.filesystemglobbing\10.0.1\lib\net10.0\Microsoft.Extensions.FileSystemGlobbing.dll /reference:C:\Users\rgobinath\.nuget\packages\microsoft.extensions.hosting.abstractions\10.0.1\lib\net10.0\Microsoft.Extensions.Hosting.Abstractions.dll /reference:C:\Users\rgobinath\.nuget\packages\microsoft.extensions.hosting\10.0.1\lib\net10.0\Microsoft.Extensions.Hosting.dll /reference:C:\Users\rgobinath\.nuget\packages\microsoft.extensions.logging.abstractions\10.0.1\lib\net10.0\Microsoft.Extensions.Logging.Abstractions.dll /reference:C:\Users\rgobinath\.nuget\packages\microsoft.extensions.logging.configuration\10.0.1\lib\net10.0\Microsoft.Extensions.Logging.Configuration.dll /reference:C:\Users\rgobinath\.nuget\packages\microsoft.extensions.logging.console\10.0.1\lib\net10.0\Microsoft.Extensions.Logging.Console.dll /reference:C:\Users\rgobinath\.nuget\packages\microsoft.extensions.logging.debug\10.0.1\lib\net10.0\Microsoft.Extensions.Logging.Debug.dll /reference:C:\Users\rgobinath\.nuget\packages\microsoft.extensions.logging\10.0.1\lib\net10.0\Microsoft.Extensions.Logging.dll /reference:C:\Users\rgobinath\.nuget\packages\microsoft.extensions.logging.eventlog\10.0.1\lib\net10.0\Microsoft.Extensions.Logging.EventLog.dll /reference:C:\Users\rgobinath\.nuget\packages\microsoft.extensions.logging.eventsource\10.0.1\lib\net10.0\Microsoft.Extensions.Logging.EventSource.dll /reference:C:\Users\rgobinath\.nuget\packages\microsoft.extensions.options.configurationextensions\10.0.1\lib\net10.0\Microsoft.Extensions.Options.ConfigurationExtensions.dll /reference:C:\Users\rgobinath\.nuget\packages\microsoft.extensions.options\10.0.1\lib\net10.0\Microsoft.Extensions.Options.dll /reference:C:\Users\rgobinath\.nuget\packages\microsoft.extensions.primitives\10.0.1\lib\net10.0\Microsoft.Extensions.Primitives.dll /reference:C:\Users\rgobinath\.nuget\packages\microsoft.identity.client\4.73.1\lib\net8.0\Microsoft.Identity.Client.dll /reference:C:\Users\rgobinath\.nuget\packages\microsoft.identity.client.extensions.msal\4.73.1\lib\net8.0\Microsoft.Identity.Client.Extensions.Msal.dll /reference:C:\Users\rgobinath\.nuget\packages\microsoft.identitymodel.abstractions\7.7.1\lib\net8.0\Microsoft.IdentityModel.Abstractions.dll /reference:C:\Users\rgobinath\.nuget\packages\microsoft.identitymodel.jsonwebtokens\7.7.1\lib\net8.0\Microsoft.IdentityModel.JsonWebTokens.dll /reference:C:\Users\rgobinath\.nuget\packages\microsoft.identitymodel.logging\7.7.1\lib\net8.0\Microsoft.IdentityModel.Logging.dll /reference:C:\Users\rgobinath\.nuget\packages\microsoft.identitymodel.protocols\7.7.1\lib\net8.0\Microsoft.IdentityModel.Protocols.dll /reference:C:\Users\rgobinath\.nuget\packages\microsoft.identitymodel.protocols.openidconnect\7.7.1\lib\net8.0\Microsoft.IdentityModel.Protocols.OpenIdConnect.dll /reference:C:\Users\rgobinath\.nuget\packages\microsoft.identitymodel.tokens\7.7.1\lib\net8.0\Microsoft.IdentityModel.Tokens.dll /reference:C:\Users\rgobinath\.nuget\packages\microsoft.sqlserver.server\1.0.0\lib\netstandard2.0\Microsoft.SqlServer.Server.dll /reference:"C:\Program Files\dotnet\packs\Microsoft.NETCore.App.Ref\10.0.1\ref\net10.0\Microsoft.VisualBasic.Core.dll" /reference:"C:\Program Files\dotnet\packs\Microsoft.NETCore.App.Ref\10.0.1\ref\net10.0\Microsoft.VisualBasic.dll" /reference:"C:\Program Files\dotnet\packs\Microsoft.NETCore.App.Ref\10.0.1\ref\net10.0\Microsoft.Win32.Primitives.dll" /reference:"C:\Program Files\dotnet\packs\Microsoft.NETCore.App.Ref\10.0.1\ref\net10.0\Microsoft.Win32.Registry.dll" /reference:C:\Users\rgobinath\.nuget\packages\mimekit\4.14.0\lib\net8.0\MimeKit.dll /reference:"C:\Program Files\dotnet\packs\Microsoft.NETCore.App.Ref\10.0.1\ref\net10.0\mscorlib.dll" /reference:"C:\Program Files\dotnet\packs\Microsoft.NETCore.App.Ref\10.0.1\ref\net10.0\netstandard.dll" /reference:E:\Gobi\Pro\FleetX\Noltrion.Fleet.Platform\backend\Noltrion.FleetX.Application\obj\Debug\net10.0\ref\Noltrion.FleetX.Application.dll /reference:E:\Gobi\Pro\FleetX\Noltrion.Fleet.Platform\backend\Noltrion.FleetX.Domain\obj\Debug\net10.0\ref\Noltrion.FleetX.Domain.dll /reference:E:\Gobi\Pro\FleetX\Noltrion.Fleet.Platform\backend\Noltrion.Framework.Application\obj\Debug\net10.0\ref\Noltrion.Framework.Application.dll /reference:E:\Gobi\Pro\FleetX\Noltrion.Fleet.Platform\backend\Noltrion.Framework.Domain\obj\Debug\net10.0\ref\Noltrion.Framework.Domain.dll /reference:E:\Gobi\Pro\FleetX\Noltrion.Fleet.Platform\backend\Noltrion.Framework.Infrastructure\obj\Debug\net10.0\ref\Noltrion.Framework.Infrastructure.dll /reference:E:\Gobi\Pro\FleetX\Noltrion.Fleet.Platform\backend\Noltrion.Framework.Shared\obj\Debug\net10.0\ref\Noltrion.Framework.Shared.dll /reference:"C:\Program Files\dotnet\packs\Microsoft.NETCore.App.Ref\10.0.1\ref\net10.0\System.AppContext.dll" /reference:"C:\Program Files\dotnet\packs\Microsoft.NETCore.App.Ref\10.0.1\ref\net10.0\System.Buffers.dll" /reference:C:\Users\rgobinath\.nuget\packages\system.clientmodel\1.5.1\lib\net8.0\System.ClientModel.dll /reference:"C:\Program Files\dotnet\packs\Microsoft.NETCore.App.Ref\10.0.1\ref\net10.0\System.Collections.Concurrent.dll" /reference:"C:\Program Files\dotnet\packs\Microsoft.NETCore.App.Ref\10.0.1\ref\net10.0\System.Collections.dll" /reference:"C:\Program Files\dotnet\packs\Microsoft.NETCore.App.Ref\10.0.1\ref\net10.0\System.Collections.Immutable.dll" /reference:"C:\Program Files\dotnet\packs\Microsoft.NETCore.App.Ref\10.0.1\ref\net10.0\System.Collections.NonGeneric.dll" /reference:"C:\Program Files\dotnet\packs\Microsoft.NETCore.App.Ref\10.0.1\ref\net10.0\System.Collections.Specialized.dll" /reference:"C:\Program Files\dotnet\packs\Microsoft.NETCore.App.Ref\10.0.1\ref\net10.0\System.ComponentModel.Annotations.dll" /reference:"C:\Program Files\dotnet\packs\Microsoft.NETCore.App.Ref\10.0.1\ref\net10.0\System.ComponentModel.DataAnnotations.dll" /reference:"C:\Program Files\dotnet\packs\Microsoft.NETCore.App.Ref\10.0.1\ref\net10.0\System.ComponentModel.dll" /reference:"C:\Program Files\dotnet\packs\Microsoft.NETCore.App.Ref\10.0.1\ref\net10.0\System.ComponentModel.EventBasedAsync.dll" /reference:"C:\Program Files\dotnet\packs\Microsoft.NETCore.App.Ref\10.0.1\ref\net10.0\System.ComponentModel.Primitives.dll" /reference:"C:\Program Files\dotnet\packs\Microsoft.NETCore.App.Ref\10.0.1\ref\net10.0\System.ComponentModel.TypeConverter.dll" /reference:"C:\Program Files\dotnet\packs\Microsoft.NETCore.App.Ref\10.0.1\ref\net10.0\System.Configuration.dll" /reference:"C:\Program Files\dotnet\packs\Microsoft.NETCore.App.Ref\10.0.1\ref\net10.0\System.Console.dll" /reference:"C:\Program Files\dotnet\packs\Microsoft.NETCore.App.Ref\10.0.1\ref\net10.0\System.Core.dll" /reference:"C:\Program Files\dotnet\packs\Microsoft.NETCore.App.Ref\10.0.1\ref\net10.0\System.Data.Common.dll" /reference:"C:\Program Files\dotnet\packs\Microsoft.NETCore.App.Ref\10.0.1\ref\net10.0\System.Data.DataSetExtensions.dll" /reference:"C:\Program Files\dotnet\packs\Microsoft.NETCore.App.Ref\10.0.1\ref\net10.0\System.Data.dll" /reference:"C:\Program Files\dotnet\packs\Microsoft.NETCore.App.Ref\10.0.1\ref\net10.0\System.Diagnostics.Contracts.dll" /reference:"C:\Program Files\dotnet\packs\Microsoft.NETCore.App.Ref\10.0.1\ref\net10.0\System.Diagnostics.Debug.dll" /reference:"C:\Program Files\dotnet\packs\Microsoft.NETCore.App.Ref\10.0.1\ref\net10.0\System.Diagnostics.DiagnosticSource.dll" /reference:C:\Users\rgobinath\.nuget\packages\system.diagnostics.eventlog\10.0.1\lib\net10.0\System.Diagnostics.EventLog.dll /reference:"C:\Program Files\dotnet\packs\Microsoft.NETCore.App.Ref\10.0.1\ref\net10.0\System.Diagnostics.FileVersionInfo.dll" /reference:"C:\Program Files\dotnet\packs\Microsoft.NETCore.App.Ref\10.0.1\ref\net10.0\System.Diagnostics.Process.dll" /reference:"C:\Program Files\dotnet\packs\Microsoft.NETCore.App.Ref\10.0.1\ref\net10.0\System.Diagnostics.StackTrace.dll" /reference:"C:\Program Files\dotnet\packs\Microsoft.NETCore.App.Ref\10.0.1\ref\net10.0\System.Diagnostics.TextWriterTraceListener.dll" /reference:"C:\Program Files\dotnet\packs\Microsoft.NETCore.App.Ref\10.0.1\ref\net10.0\System.Diagnostics.Tools.dll" /reference:"C:\Program Files\dotnet\packs\Microsoft.NETCore.App.Ref\10.0.1\ref\net10.0\System.Diagnostics.TraceSource.dll" /reference:"C:\Program Files\dotnet\packs\Microsoft.NETCore.App.Ref\10.0.1\ref\net10.0\System.Diagnostics.Tracing.dll" /reference:"C:\Program Files\dotnet\packs\Microsoft.NETCore.App.Ref\10.0.1\ref\net10.0\System.dll" /reference:"C:\Program Files\dotnet\packs\Microsoft.NETCore.App.Ref\10.0.1\ref\net10.0\System.Drawing.dll" /reference:"C:\Program Files\dotnet\packs\Microsoft.NETCore.App.Ref\10.0.1\ref\net10.0\System.Drawing.Primitives.dll" /reference:"C:\Program Files\dotnet\packs\Microsoft.NETCore.App.Ref\10.0.1\ref\net10.0\System.Dynamic.Runtime.dll" /reference:"C:\Program Files\dotnet\packs\Microsoft.NETCore.App.Ref\10.0.1\ref\net10.0\System.Formats.Asn1.dll" /reference:"C:\Program Files\dotnet\packs\Microsoft.NETCore.App.Ref\10.0.1\ref\net10.0\System.Formats.Tar.dll" /reference:"C:\Program Files\dotnet\packs\Microsoft.NETCore.App.Ref\10.0.1\ref\net10.0\System.Globalization.Calendars.dll" /reference:"C:\Program Files\dotnet\packs\Microsoft.NETCore.App.Ref\10.0.1\ref\net10.0\System.Globalization.dll" /reference:"C:\Program Files\dotnet\packs\Microsoft.NETCore.App.Ref\10.0.1\ref\net10.0\System.Globalization.Extensions.dll" /reference:C:\Users\rgobinath\.nuget\packages\system.identitymodel.tokens.jwt\7.7.1\lib\net8.0\System.IdentityModel.Tokens.Jwt.dll /reference:"C:\Program Files\dotnet\packs\Microsoft.NETCore.App.Ref\10.0.1\ref\net10.0\System.IO.Compression.Brotli.dll" /reference:"C:\Program Files\dotnet\packs\Microsoft.NETCore.App.Ref\10.0.1\ref\net10.0\System.IO.Compression.dll" /reference:"C:\Program Files\dotnet\packs\Microsoft.NETCore.App.Ref\10.0.1\ref\net10.0\System.IO.Compression.FileSystem.dll" /reference:"C:\Program Files\dotnet\packs\Microsoft.NETCore.App.Ref\10.0.1\ref\net10.0\System.IO.Compression.ZipFile.dll" /reference:"C:\Program Files\dotnet\packs\Microsoft.NETCore.App.Ref\10.0.1\ref\net10.0\System.IO.dll" /reference:"C:\Program Files\dotnet\packs\Microsoft.NETCore.App.Ref\10.0.1\ref\net10.0\System.IO.FileSystem.AccessControl.dll" /reference:"C:\Program Files\dotnet\packs\Microsoft.NETCore.App.Ref\10.0.1\ref\net10.0\System.IO.FileSystem.dll" /reference:"C:\Program Files\dotnet\packs\Microsoft.NETCore.App.Ref\10.0.1\ref\net10.0\System.IO.FileSystem.DriveInfo.dll" /reference:"C:\Program Files\dotnet\packs\Microsoft.NETCore.App.Ref\10.0.1\ref\net10.0\System.IO.FileSystem.Primitives.dll" /reference:"C:\Program Files\dotnet\packs\Microsoft.NETCore.App.Ref\10.0.1\ref\net10.0\System.IO.FileSystem.Watcher.dll" /reference:"C:\Program Files\dotnet\packs\Microsoft.NETCore.App.Ref\10.0.1\ref\net10.0\System.IO.IsolatedStorage.dll" /reference:"C:\Program Files\dotnet\packs\Microsoft.NETCore.App.Ref\10.0.1\ref\net10.0\System.IO.MemoryMappedFiles.dll" /reference:"C:\Program Files\dotnet\packs\Microsoft.NETCore.App.Ref\10.0.1\ref\net10.0\System.IO.Pipelines.dll" /reference:"C:\Program Files\dotnet\packs\Microsoft.NETCore.App.Ref\10.0.1\ref\net10.0\System.IO.Pipes.AccessControl.dll" /reference:"C:\Program Files\dotnet\packs\Microsoft.NETCore.App.Ref\10.0.1\ref\net10.0\System.IO.Pipes.dll" /reference:"C:\Program Files\dotnet\packs\Microsoft.NETCore.App.Ref\10.0.1\ref\net10.0\System.IO.UnmanagedMemoryStream.dll" /reference:"C:\Program Files\dotnet\packs\Microsoft.NETCore.App.Ref\10.0.1\ref\net10.0\System.Linq.AsyncEnumerable.dll" /reference:"C:\Program Files\dotnet\packs\Microsoft.NETCore.App.Ref\10.0.1\ref\net10.0\System.Linq.dll" /reference:"C:\Program Files\dotnet\packs\Microsoft.NETCore.App.Ref\10.0.1\ref\net10.0\System.Linq.Expressions.dll" /reference:"C:\Program Files\dotnet\packs\Microsoft.NETCore.App.Ref\10.0.1\ref\net10.0\System.Linq.Parallel.dll" /reference:"C:\Program Files\dotnet\packs\Microsoft.NETCore.App.Ref\10.0.1\ref\net10.0\System.Linq.Queryable.dll" /reference:C:\Users\rgobinath\.nuget\packages\system.memory.data\8.0.1\lib\net8.0\System.Memory.Data.dll /reference:"C:\Program Files\dotnet\packs\Microsoft.NETCore.App.Ref\10.0.1\ref\net10.0\System.Memory.dll" /reference:"C:\Program Files\dotnet\packs\Microsoft.NETCore.App.Ref\10.0.1\ref\net10.0\System.Net.dll" /reference:"C:\Program Files\dotnet\packs\Microsoft.NETCore.App.Ref\10.0.1\ref\net10.0\System.Net.Http.dll" /reference:"C:\Program Files\dotnet\packs\Microsoft.NETCore.App.Ref\10.0.1\ref\net10.0\System.Net.Http.Json.dll" /reference:"C:\Program Files\dotnet\packs\Microsoft.NETCore.App.Ref\10.0.1\ref\net10.0\System.Net.HttpListener.dll" /reference:"C:\Program Files\dotnet\packs\Microsoft.NETCore.App.Ref\10.0.1\ref\net10.0\System.Net.Mail.dll" /reference:"C:\Program Files\dotnet\packs\Microsoft.NETCore.App.Ref\10.0.1\ref\net10.0\System.Net.NameResolution.dll" /reference:"C:\Program Files\dotnet\packs\Microsoft.NETCore.App.Ref\10.0.1\ref\net10.0\System.Net.NetworkInformation.dll" /reference:"C:\Program Files\dotnet\packs\Microsoft.NETCore.App.Ref\10.0.1\ref\net10.0\System.Net.Ping.dll" /reference:"C:\Program Files\dotnet\packs\Microsoft.NETCore.App.Ref\10.0.1\ref\net10.0\System.Net.Primitives.dll" /reference:"C:\Program Files\dotnet\packs\Microsoft.NETCore.App.Ref\10.0.1\ref\net10.0\System.Net.Quic.dll" /reference:"C:\Program Files\dotnet\packs\Microsoft.NETCore.App.Ref\10.0.1\ref\net10.0\System.Net.Requests.dll" /reference:"C:\Program Files\dotnet\packs\Microsoft.NETCore.App.Ref\10.0.1\ref\net10.0\System.Net.Security.dll" /reference:"C:\Program Files\dotnet\packs\Microsoft.NETCore.App.Ref\10.0.1\ref\net10.0\System.Net.ServerSentEvents.dll" /reference:"C:\Program Files\dotnet\packs\Microsoft.NETCore.App.Ref\10.0.1\ref\net10.0\System.Net.ServicePoint.dll" /reference:"C:\Program Files\dotnet\packs\Microsoft.NETCore.App.Ref\10.0.1\ref\net10.0\System.Net.Sockets.dll" /reference:"C:\Program Files\dotnet\packs\Microsoft.NETCore.App.Ref\10.0.1\ref\net10.0\System.Net.WebClient.dll" /reference:"C:\Program Files\dotnet\packs\Microsoft.NETCore.App.Ref\10.0.1\ref\net10.0\System.Net.WebHeaderCollection.dll" /reference:"C:\Program Files\dotnet\packs\Microsoft.NETCore.App.Ref\10.0.1\ref\net10.0\System.Net.WebProxy.dll" /reference:"C:\Program Files\dotnet\packs\Microsoft.NETCore.App.Ref\10.0.1\ref\net10.0\System.Net.WebSockets.Client.dll" /reference:"C:\Program Files\dotnet\packs\Microsoft.NETCore.App.Ref\10.0.1\ref\net10.0\System.Net.WebSockets.dll" /reference:"C:\Program Files\dotnet\packs\Microsoft.NETCore.App.Ref\10.0.1\ref\net10.0\System.Numerics.dll" /reference:"C:\Program Files\dotnet\packs\Microsoft.NETCore.App.Ref\10.0.1\ref\net10.0\System.Numerics.Vectors.dll" /reference:"C:\Program Files\dotnet\packs\Microsoft.NETCore.App.Ref\10.0.1\ref\net10.0\System.ObjectModel.dll" /reference:"C:\Program Files\dotnet\packs\Microsoft.NETCore.App.Ref\10.0.1\ref\net10.0\System.Reflection.DispatchProxy.dll" /reference:"C:\Program Files\dotnet\packs\Microsoft.NETCore.App.Ref\10.0.1\ref\net10.0\System.Reflection.dll" /reference:"C:\Program Files\dotnet\packs\Microsoft.NETCore.App.Ref\10.0.1\ref\net10.0\System.Reflection.Emit.dll" /reference:"C:\Program Files\dotnet\packs\Microsoft.NETCore.App.Ref\10.0.1\ref\net10.0\System.Reflection.Emit.ILGeneration.dll" /reference:"C:\Program Files\dotnet\packs\Microsoft.NETCore.App.Ref\10.0.1\ref\net10.0\System.Reflection.Emit.Lightweight.dll" /reference:"C:\Program Files\dotnet\packs\Microsoft.NETCore.App.Ref\10.0.1\ref\net10.0\System.Reflection.Extensions.dll" /reference:"C:\Program Files\dotnet\packs\Microsoft.NETCore.App.Ref\10.0.1\ref\net10.0\System.Reflection.Metadata.dll" /reference:"C:\Program Files\dotnet\packs\Microsoft.NETCore.App.Ref\10.0.1\ref\net10.0\System.Reflection.Primitives.dll" /reference:"C:\Program Files\dotnet\packs\Microsoft.NETCore.App.Ref\10.0.1\ref\net10.0\System.Reflection.TypeExtensions.dll" /reference:"C:\Program Files\dotnet\packs\Microsoft.NETCore.App.Ref\10.0.1\ref\net10.0\System.Resources.Reader.dll" /reference:"C:\Program Files\dotnet\packs\Microsoft.NETCore.App.Ref\10.0.1\ref\net10.0\System.Resources.ResourceManager.dll" /reference:"C:\Program Files\dotnet\packs\Microsoft.NETCore.App.Ref\10.0.1\ref\net10.0\System.Resources.Writer.dll" /reference:"C:\Program Files\dotnet\packs\Microsoft.NETCore.App.Ref\10.0.1\ref\net10.0\System.Runtime.CompilerServices.Unsafe.dll" /reference:"C:\Program Files\dotnet\packs\Microsoft.NETCore.App.Ref\10.0.1\ref\net10.0\System.Runtime.CompilerServices.VisualC.dll" /reference:"C:\Program Files\dotnet\packs\Microsoft.NETCore.App.Ref\10.0.1\ref\net10.0\System.Runtime.dll" /reference:"C:\Program Files\dotnet\packs\Microsoft.NETCore.App.Ref\10.0.1\ref\net10.0\System.Runtime.Extensions.dll" /reference:"C:\Program Files\dotnet\packs\Microsoft.NETCore.App.Ref\10.0.1\ref\net10.0\System.Runtime.Handles.dll" /reference:"C:\Program Files\dotnet\packs\Microsoft.NETCore.App.Ref\10.0.1\ref\net10.0\System.Runtime.InteropServices.dll" /reference:"C:\Program Files\dotnet\packs\Microsoft.NETCore.App.Ref\10.0.1\ref\net10.0\System.Runtime.InteropServices.JavaScript.dll" /reference:"C:\Program Files\dotnet\packs\Microsoft.NETCore.App.Ref\10.0.1\ref\net10.0\System.Runtime.InteropServices.RuntimeInformation.dll" /reference:"C:\Program Files\dotnet\packs\Microsoft.NETCore.App.Ref\10.0.1\ref\net10.0\System.Runtime.Intrinsics.dll" /reference:"C:\Program Files\dotnet\packs\Microsoft.NETCore.App.Ref\10.0.1\ref\net10.0\System.Runtime.Loader.dll" /reference:"C:\Program Files\dotnet\packs\Microsoft.NETCore.App.Ref\10.0.1\ref\net10.0\System.Runtime.Numerics.dll" /reference:"C:\Program Files\dotnet\packs\Microsoft.NETCore.App.Ref\10.0.1\ref\net10.0\System.Runtime.Serialization.dll" /reference:"C:\Program Files\dotnet\packs\Microsoft.NETCore.App.Ref\10.0.1\ref\net10.0\System.Runtime.Serialization.Formatters.dll" /reference:"C:\Program Files\dotnet\packs\Microsoft.NETCore.App.Ref\10.0.1\ref\net10.0\System.Runtime.Serialization.Json.dll" /reference:"C:\Program Files\dotnet\packs\Microsoft.NETCore.App.Ref\10.0.1\ref\net10.0\System.Runtime.Serialization.Primitives.dll" /reference:"C:\Program Files\dotnet\packs\Microsoft.NETCore.App.Ref\10.0.1\ref\net10.0\System.Runtime.Serialization.Xml.dll" /reference:"C:\Program Files\dotnet\packs\Microsoft.NETCore.App.Ref\10.0.1\ref\net10.0\System.Security.AccessControl.dll" /reference:"C:\Program Files\dotnet\packs\Microsoft.NETCore.App.Ref\10.0.1\ref\net10.0\System.Security.Claims.dll" /reference:"C:\Program Files\dotnet\packs\Microsoft.NETCore.App.Ref\10.0.1\ref\net10.0\System.Security.Cryptography.Algorithms.dll" /reference:"C:\Program Files\dotnet\packs\Microsoft.NETCore.App.Ref\10.0.1\ref\net10.0\System.Security.Cryptography.Cng.dll" /reference:"C:\Program Files\dotnet\packs\Microsoft.NETCore.App.Ref\10.0.1\ref\net10.0\System.Security.Cryptography.Csp.dll" /reference:"C:\Program Files\dotnet\packs\Microsoft.NETCore.App.Ref\10.0.1\ref\net10.0\System.Security.Cryptography.dll" /reference:"C:\Program Files\dotnet\packs\Microsoft.NETCore.App.Ref\10.0.1\ref\net10.0\System.Security.Cryptography.Encoding.dll" /reference:"C:\Program Files\dotnet\packs\Microsoft.NETCore.App.Ref\10.0.1\ref\net10.0\System.Security.Cryptography.OpenSsl.dll" /reference:C:\Users\rgobinath\.nuget\packages\system.security.cryptography.pkcs\9.0.4\lib\net9.0\System.Security.Cryptography.Pkcs.dll /reference:"C:\Program Files\dotnet\packs\Microsoft.NETCore.App.Ref\10.0.1\ref\net10.0\System.Security.Cryptography.Primitives.dll" /reference:C:\Users\rgobinath\.nuget\packages\system.security.cryptography.protecteddata\9.0.4\lib\net9.0\System.Security.Cryptography.ProtectedData.dll /reference:"C:\Program Files\dotnet\packs\Microsoft.NETCore.App.Ref\10.0.1\ref\net10.0\System.Security.Cryptography.X509Certificates.dll" /reference:"C:\Program Files\dotnet\packs\Microsoft.NETCore.App.Ref\10.0.1\ref\net10.0\System.Security.dll" /reference:"C:\Program Files\dotnet\packs\Microsoft.NETCore.App.Ref\10.0.1\ref\net10.0\System.Security.Principal.dll" /reference:"C:\Program Files\dotnet\packs\Microsoft.NETCore.App.Ref\10.0.1\ref\net10.0\System.Security.Principal.Windows.dll" /reference:"C:\Program Files\dotnet\packs\Microsoft.NETCore.App.Ref\10.0.1\ref\net10.0\System.Security.SecureString.dll" /reference:"C:\Program Files\dotnet\packs\Microsoft.NETCore.App.Ref\10.0.1\ref\net10.0\System.ServiceModel.Web.dll" /reference:"C:\Program Files\dotnet\packs\Microsoft.NETCore.App.Ref\10.0.1\ref\net10.0\System.ServiceProcess.dll" /reference:"C:\Program Files\dotnet\packs\Microsoft.NETCore.App.Ref\10.0.1\ref\net10.0\System.Text.Encoding.CodePages.dll" /reference:"C:\Program Files\dotnet\packs\Microsoft.NETCore.App.Ref\10.0.1\ref\net10.0\System.Text.Encoding.dll" /reference:"C:\Program Files\dotnet\packs\Microsoft.NETCore.App.Ref\10.0.1\ref\net10.0\System.Text.Encoding.Extensions.dll" /reference:"C:\Program Files\dotnet\packs\Microsoft.NETCore.App.Ref\10.0.1\ref\net10.0\System.Text.Encodings.Web.dll" /reference:"C:\Program Files\dotnet\packs\Microsoft.NETCore.App.Ref\10.0.1\ref\net10.0\System.Text.Json.dll" /reference:"C:\Program Files\dotnet\packs\Microsoft.NETCore.App.Ref\10.0.1\ref\net10.0\System.Text.RegularExpressions.dll" /reference:"C:\Program Files\dotnet\packs\Microsoft.NETCore.App.Ref\10.0.1\ref\net10.0\System.Threading.AccessControl.dll" /reference:"C:\Program Files\dotnet\packs\Microsoft.NETCore.App.Ref\10.0.1\ref\net10.0\System.Threading.Channels.dll" /reference:"C:\Program Files\dotnet\packs\Microsoft.NETCore.App.Ref\10.0.1\ref\net10.0\System.Threading.dll" /reference:"C:\Program Files\dotnet\packs\Microsoft.NETCore.App.Ref\10.0.1\ref\net10.0\System.Threading.Overlapped.dll" /reference:"C:\Program Files\dotnet\packs\Microsoft.NETCore.App.Ref\10.0.1\ref\net10.0\System.Threading.Tasks.Dataflow.dll" /reference:"C:\Program Files\dotnet\packs\Microsoft.NETCore.App.Ref\10.0.1\ref\net10.0\System.Threading.Tasks.dll" /reference:"C:\Program Files\dotnet\packs\Microsoft.NETCore.App.Ref\10.0.1\ref\net10.0\System.Threading.Tasks.Extensions.dll" /reference:"C:\Program Files\dotnet\packs\Microsoft.NETCore.App.Ref\10.0.1\ref\net10.0\System.Threading.Tasks.Parallel.dll" /reference:"C:\Program Files\dotnet\packs\Microsoft.NETCore.App.Ref\10.0.1\ref\net10.0\System.Threading.Thread.dll" /reference:"C:\Program Files\dotnet\packs\Microsoft.NETCore.App.Ref\10.0.1\ref\net10.0\System.Threading.ThreadPool.dll" /reference:"C:\Program Files\dotnet\packs\Microsoft.NETCore.App.Ref\10.0.1\ref\net10.0\System.Threading.Timer.dll" /reference:"C:\Program Files\dotnet\packs\Microsoft.NETCore.App.Ref\10.0.1\ref\net10.0\System.Transactions.dll" /reference:"C:\Program Files\dotnet\packs\Microsoft.NETCore.App.Ref\10.0.1\ref\net10.0\System.Transactions.Local.dll" /reference:"C:\Program Files\dotnet\packs\Microsoft.NETCore.App.Ref\10.0.1\ref\net10.0\System.ValueTuple.dll" /reference:"C:\Program Files\dotnet\packs\Microsoft.NETCore.App.Ref\10.0.1\ref\net10.0\System.Web.dll" /reference:"C:\Program Files\dotnet\packs\Microsoft.NETCore.App.Ref\10.0.1\ref\net10.0\System.Web.HttpUtility.dll" /reference:"C:\Program Files\dotnet\packs\Microsoft.NETCore.App.Ref\10.0.1\ref\net10.0\System.Windows.dll" /reference:"C:\Program Files\dotnet\packs\Microsoft.NETCore.App.Ref\10.0.1\ref\net10.0\System.Xml.dll" /reference:"C:\Program Files\dotnet\packs\Microsoft.NETCore.App.Ref\10.0.1\ref\net10.0\System.Xml.Linq.dll" /reference:"C:\Program Files\dotnet\packs\Microsoft.NETCore.App.Ref\10.0.1\ref\net10.0\System.Xml.ReaderWriter.dll" /reference:"C:\Program Files\dotnet\packs\Microsoft.NETCore.App.Ref\10.0.1\ref\net10.0\System.Xml.Serialization.dll" /reference:"C:\Program Files\dotnet\packs\Microsoft.NETCore.App.Ref\10.0.1\ref\net10.0\System.Xml.XDocument.dll" /reference:"C:\Program Files\dotnet\packs\Microsoft.NETCore.App.Ref\10.0.1\ref\net10.0\System.Xml.XmlDocument.dll" /reference:"C:\Program Files\dotnet\packs\Microsoft.NETCore.App.Ref\10.0.1\ref\net10.0\System.Xml.XmlSerializer.dll" /reference:"C:\Program Files\dotnet\packs\Microsoft.NETCore.App.Ref\10.0.1\ref\net10.0\System.Xml.XPath.dll" /reference:"C:\Program Files\dotnet\packs\Microsoft.NETCore.App.Ref\10.0.1\ref\net10.0\System.Xml.XPath.XDocument.dll" /reference:"C:\Program Files\dotnet\packs\Microsoft.NETCore.App.Ref\10.0.1\ref\net10.0\WindowsBase.dll" /features:"InterceptorsNamespaces=;Microsoft.Extensions.Validation.Generated" /debug+ /debug:portable /filealign:512 /optimize- /out:obj\Debug\net10.0\Noltrion.FleetX.Infrastructure.dll /refout:obj\Debug\net10.0\refint\Noltrion.FleetX.Infrastructure.dll /target:library /warnaserror- /utf8output /deterministic+ /langversion:14.0 /analyzerconfig:obj\Debug\net10.0\Noltrion.FleetX.Infrastructure.GeneratedMSBuildEditorConfig.editorconfig /analyzerconfig:"C:\Program Files\dotnet\sdk\10.0.101\Sdks\Microsoft.NET.Sdk\analyzers\build\config\analysislevel_10_default.globalconfig" /analyzer:"C:\Program Files\dotnet\sdk\10.0.101\Sdks\Microsoft.NET.Sdk\targets\..\analyzers\Microsoft.CodeAnalysis.CSharp.NetAnalyzers.dll" /analyzer:"C:\Program Files\dotnet\sdk\10.0.101\Sdks\Microsoft.NET.Sdk\targets\..\analyzers\Microsoft.CodeAnalysis.NetAnalyzers.dll" /analyzer:C:\Users\rgobinath\.nuget\packages\microsoft.codeanalysis.analyzers\3.11.0\analyzers\dotnet\cs\Microsoft.CodeAnalysis.Analyzers.dll /analyzer:C:\Users\rgobinath\.nuget\packages\microsoft.codeanalysis.analyzers\3.11.0\analyzers\dotnet\cs\Microsoft.CodeAnalysis.CSharp.Analyzers.dll /analyzer:C:\Users\rgobinath\.nuget\packages\microsoft.entityframeworkcore.analyzers\10.0.1\analyzers\dotnet\cs\Microsoft.EntityFrameworkCore.Analyzers.dll /analyzer:C:\Users\rgobinath\.nuget\packages\microsoft.extensions.logging.abstractions\10.0.1\analyzers\dotnet\roslyn4.4\cs\Microsoft.Extensions.Logging.Generators.dll /analyzer:C:\Users\rgobinath\.nuget\packages\microsoft.extensions.options\10.0.1\analyzers\dotnet\roslyn4.4\cs\Microsoft.Extensions.Options.SourceGeneration.dll /analyzer:C:\Users\rgobinath\.nuget\packages\system.clientmodel\1.5.1\analyzers\dotnet\cs\System.ClientModel.SourceGeneration.dll /analyzer:"C:\Program Files\dotnet\packs\Microsoft.NETCore.App.Ref\10.0.1\analyzers/dotnet/cs/Microsoft.Interop.ComInterfaceGenerator.dll" /analyzer:"C:\Program Files\dotnet\packs\Microsoft.NETCore.App.Ref\10.0.1\analyzers/dotnet/cs/Microsoft.Interop.JavaScript.JSImportGenerator.dll" /analyzer:"C:\Program Files\dotnet\packs\Microsoft.NETCore.App.Ref\10.0.1\analyzers/dotnet/cs/Microsoft.Interop.LibraryImportGenerator.dll" /analyzer:"C:\Program Files\dotnet\packs\Microsoft.NETCore.App.Ref\10.0.1\analyzers/dotnet/cs/Microsoft.Interop.SourceGeneration.dll" /analyzer:"C:\Program Files\dotnet\packs\Microsoft.NETCore.App.Ref\10.0.1\analyzers/dotnet/cs/System.Text.Json.SourceGeneration.dll" /analyzer:"C:\Program Files\dotnet\packs\Microsoft.NETCore.App.Ref\10.0.1\analyzers/dotnet/cs/System.Text.RegularExpressions.Generator.dll" Class1.cs Migrations\20251217054909_Initial_FleetX.cs Migrations\20251217054909_Initial_FleetX.Designer.cs Migrations\20251217112221_JobEntity_Added.cs Migrations\20251217112221_JobEntity_Added.Designer.cs Migrations\20251217150418_AddVehicleCapacity.cs Migrations\20251217150418_AddVehicleCapacity.Designer.cs Migrations\20251217160446_AddTripEntities.cs Migrations\20251217160446_AddTripEntities.Designer.cs Migrations\20251217174018_AddVehicleLocation.cs Migrations\20251217174018_AddVehicleLocation.Designer.cs Migrations\20251217184550_AddAuditLogs.cs Migrations\20251217184550_AddAuditLogs.Designer.cs Migrations\20251217192433_AddCustomerEntity.cs Migrations\20251217192433_AddCustomerEntity.Designer.cs Migrations\FleetXDbContextModelSnapshot.cs Persistence\FleetXDbContext.cs Persistence\FleetXDbContextFactory.cs Persistence\FleetXSeeder.cs Services\Background\EmailListenerService.cs Services\Notifications\NotificationService.cs Services\Planning\CostService.cs Services\Planning\EtaService.cs Services\Planning\PlanningService.cs Services\Security\MenuService.cs Services\Security\PermissionService.cs Services\Web\CustomerService.cs obj\Debug\net10.0\Noltrion.FleetX.Infrastructure.GlobalUsings.g.cs "obj\Debug\net10.0\.NETCoreApp,Version=v10.0.AssemblyAttributes.cs" obj\Debug\net10.0\Noltrion.FleetX.Infrastructure.AssemblyInfo.cs /warnaserror+:NU1605,SYSLIB0011'
         Attempt to open named pipe '63wKPB_hODhjHdq9rZfrpHFdJiPiDYVTd+9WsLdvp3g'
         Attempt to connect named pipe '63wKPB_hODhjHdq9rZfrpHFdJiPiDYVTd+9WsLdvp3g'
         Named pipe '63wKPB_hODhjHdq9rZfrpHFdJiPiDYVTd+9WsLdvp3g' connected
         Begin writing request for Noltrion.FleetX.Infrastructure (net10.0)
         End writing request for Noltrion.FleetX.Infrastructure (net10.0)
         Begin reading response for Noltrion.FleetX.Infrastructure (net10.0)
         End reading response for Noltrion.FleetX.Infrastructure (net10.0)
     9>E:\Gobi\Pro\FleetX\Noltrion.Fleet.Platform\backend\Noltrion.FleetX.Infrastructure\Services\Web\CustomerService.cs(50,18): error CS1061: 'IRepository<Customer>' does not contain a definition for 'Update' and no accessible extension method 'Update' accepting a first argument of type 'IRepository<Customer>' could be found (are you missing a using directive or an assembly reference?) [E:\Gobi\Pro\FleetX\Noltrion.Fleet.Platform\backend\Noltrion.FleetX.Infrastructure\Noltrion.FleetX.Infrastructure.csproj]
     9>E:\Gobi\Pro\FleetX\Noltrion.Fleet.Platform\backend\Noltrion.FleetX.Infrastructure\Services\Web\CustomerService.cs(60,22): error CS1061: 'IRepository<Customer>' does not contain a definition for 'Delete' and no accessible extension method 'Delete' accepting a first argument of type 'IRepository<Customer>' could be found (are you missing a using directive or an assembly reference?) [E:\Gobi\Pro\FleetX\Noltrion.Fleet.Platform\backend\Noltrion.FleetX.Infrastructure\Noltrion.FleetX.Infrastructure.csproj]
         CompilerServer: server - server processed compilation - Noltrion.FleetX.Infrastructure (net10.0)
     9>Done Building Project "E:\Gobi\Pro\FleetX\Noltrion.Fleet.Platform\backend\Noltrion.FleetX.Infrastructure\Noltrion.FleetX.Infrastructure.csproj" (default targets) -- FAILED.
   1:2>Project "E:\Gobi\Pro\FleetX\Noltrion.Fleet.Platform\backend\Noltrion.FleetX.sln" (1:2) is building "E:\Gobi\Pro\FleetX\Noltrion.Fleet.Platform\backend\Noltrion.Framework.API\Noltrion.Framework.API.csproj" (4:7) on node 4 (default targets).
     4>GenerateTargetFrameworkMonikerAttribute:
       Skipping target "GenerateTargetFrameworkMonikerAttribute" because all output files are up-to-date with respect to the input files.
       CoreGenerateAssemblyInfo:
       Skipping target "CoreGenerateAssemblyInfo" because all output files are up-to-date with respect to the input files.
       _DiscoverMvcApplicationParts:
       Skipping target "_DiscoverMvcApplicationParts" because all output files are up-to-date with respect to the input files.
       _GenerateSourceLinkFile:
         Source Link is empty, file 'obj\Debug\net10.0\Noltrion.Framework.API.sourcelink.json' does not exist.
       CoreCompile:
       Skipping target "CoreCompile" because all output files are up-to-date with respect to the input files.
       _CreateAppHost:
       Skipping target "_CreateAppHost" because all output files are up-to-date with respect to the input files.
       _ProcessScopedCssFiles:
       Skipping target "_ProcessScopedCssFiles" because it has no outputs.
       _ProcessScopedCssFiles:
       Skipping target "_ProcessScopedCssFiles" because it has no outputs.
       _BuildCopyStaticWebAssetsPreserveNewest:
       Skipping target "_BuildCopyStaticWebAssetsPreserveNewest" because it has no outputs.
       _CopyOutOfDateSourceItemsToOutputDirectory:
       Skipping target "_CopyOutOfDateSourceItemsToOutputDirectory" because all output files are up-to-date with respect to the input files.
       GenerateBuildDependencyFile:
       Skipping target "GenerateBuildDependencyFile" because all output files are up-to-date with respect to the input files.
       GenerateBuildRuntimeConfigurationFiles:
       Skipping target "GenerateBuildRuntimeConfigurationFiles" because all output files are up-to-date with respect to the input files.
       CopyFilesToOutputDirectory:
         Noltrion.Framework.API -> E:\Gobi\Pro\FleetX\Noltrion.Fleet.Platform\backend\Noltrion.Framework.API\bin\Debug\net10.0\Noltrion.Framework.API.dll
     4>Done Building Project "E:\Gobi\Pro\FleetX\Noltrion.Fleet.Platform\backend\Noltrion.Framework.API\Noltrion.Framework.API.csproj" (default targets).
     1>Done Building Project "E:\Gobi\Pro\FleetX\Noltrion.Fleet.Platform\backend\Noltrion.FleetX.sln" (default targets) -- FAILED.

Build FAILED.

       "E:\Gobi\Pro\FleetX\Noltrion.Fleet.Platform\backend\Noltrion.FleetX.sln" (default target) (1:2) ->
       "E:\Gobi\Pro\FleetX\Noltrion.Fleet.Platform\backend\Noltrion.FleetX.Infrastructure\Noltrion.FleetX.Infrastructure.csproj" (default target) (9:7) ->
       (CoreCompile target) -> 
         E:\Gobi\Pro\FleetX\Noltrion.Fleet.Platform\backend\Noltrion.FleetX.Infrastructure\Services\Web\CustomerService.cs(50,18): error CS1061: 'IRepository<Customer>' does not contain a definition for 'Update' and no accessible extension method 'Update' accepting a first argument of type 'IRepository<Customer>' could be found (are you missing a using directive or an assembly reference?) [E:\Gobi\Pro\FleetX\Noltrion.Fleet.Platform\backend\Noltrion.FleetX.Infrastructure\Noltrion.FleetX.Infrastructure.csproj]
         E:\Gobi\Pro\FleetX\Noltrion.Fleet.Platform\backend\Noltrion.FleetX.Infrastructure\Services\Web\CustomerService.cs(60,22): error CS1061: 'IRepository<Customer>' does not contain a definition for 'Delete' and no accessible extension method 'Delete' accepting a first argument of type 'IRepository<Customer>' could be found (are you missing a using directive or an assembly reference?) [E:\Gobi\Pro\FleetX\Noltrion.Fleet.Platform\backend\Noltrion.FleetX.Infrastructure\Noltrion.FleetX.Infrastructure.csproj]

    0 Warning(s)
    2 Error(s)

Time Elapsed 00:00:13.79
